<?xml version="1.0" encoding="UTF-8"?>
<coverage generated="1781911110805" clover="3.2.0">
  <project timestamp="1781911110805" name="All files">
    <metrics statements="445" coveredstatements="429" conditionals="351" coveredconditionals="308" methods="137" coveredmethods="128" elements="933" coveredelements="865" complexity="0" loc="445" ncloc="445" packages="5" files="13" classes="13"/>
    <package name="src">
      <metrics statements="14" coveredstatements="14" conditionals="14" coveredconditionals="14" methods="8" coveredmethods="8"/>
      <file name="App.tsx" path="/Users/ilxiii/frontend-client-application/src/App.tsx">
        <metrics statements="14" coveredstatements="14" conditionals="14" coveredconditionals="14" methods="8" coveredmethods="8"/>
        <line num="14" count="41" type="stmt"/>
        <line num="16" count="41" type="stmt"/>
        <line num="18" count="2" type="stmt"/>
        <line num="19" count="2" type="stmt"/>
        <line num="21" count="18" type="stmt"/>
        <line num="22" count="18" type="stmt"/>
        <line num="25" count="41" type="cond" truecount="2" falsecount="0"/>
        <line num="27" count="2" type="stmt"/>
        <line num="53" count="1" type="stmt"/>
        <line num="71" count="38" type="stmt"/>
        <line num="72" count="37" type="stmt"/>
        <line num="75" count="5" type="cond" truecount="2" falsecount="0"/>
        <line num="76" count="5" type="stmt"/>
        <line num="79" count="37" type="stmt"/>
      </file>
    </package>
    <package name="src.components.layout">
      <metrics statements="10" coveredstatements="9" conditionals="9" coveredconditionals="9" methods="5" coveredmethods="4"/>
      <file name="Sidebar.tsx" path="/Users/ilxiii/frontend-client-application/src/components/layout/Sidebar.tsx">
        <metrics statements="10" coveredstatements="9" conditionals="9" coveredconditionals="9" methods="5" coveredmethods="4"/>
        <line num="17" count="5" type="stmt"/>
        <line num="26" count="58" type="stmt"/>
        <line num="28" count="58" type="stmt"/>
        <line num="33" count="0" type="stmt"/>
        <line num="48" count="290" type="cond" truecount="4" falsecount="0"/>
        <line num="49" count="282" type="stmt"/>
        <line num="50" count="282" type="stmt"/>
        <line num="51" count="282" type="stmt"/>
        <line num="55" count="15" type="stmt"/>
        <line num="73" count="1" type="stmt"/>
      </file>
    </package>
    <package name="src.components.pages">
      <metrics statements="220" coveredstatements="211" conditionals="200" coveredconditionals="170" methods="81" coveredmethods="74"/>
      <file name="AdminProductsPage.tsx" path="/Users/ilxiii/frontend-client-application/src/components/pages/AdminProductsPage.tsx">
        <metrics statements="57" coveredstatements="54" conditionals="30" coveredconditionals="25" methods="18" coveredmethods="16"/>
        <line num="10" count="85" type="stmt"/>
        <line num="11" count="84" type="stmt"/>
        <line num="12" count="84" type="stmt"/>
        <line num="14" count="84" type="stmt"/>
        <line num="15" count="84" type="stmt"/>
        <line num="16" count="84" type="stmt"/>
        <line num="17" count="84" type="stmt"/>
        <line num="19" count="84" type="stmt"/>
        <line num="21" count="84" type="stmt"/>
        <line num="22" count="12" type="stmt"/>
        <line num="23" count="12" type="stmt"/>
        <line num="24" count="12" type="stmt"/>
        <line num="25" count="12" type="stmt"/>
        <line num="26" count="11" type="stmt"/>
        <line num="28" count="1" type="cond" truecount="1" falsecount="1"/>
        <line num="29" count="1" type="stmt"/>
        <line num="30" count="1" type="stmt"/>
        <line num="33" count="12" type="stmt"/>
        <line num="37" count="84" type="stmt"/>
        <line num="38" count="13" type="cond" truecount="2" falsecount="0"/>
        <line num="41" count="84" type="cond" truecount="2" falsecount="0"/>
        <line num="42" count="1" type="stmt"/>
        <line num="51" count="3" type="stmt"/>
        <line num="52" count="3" type="stmt"/>
        <line num="53" count="3" type="stmt"/>
        <line num="60" count="3" type="stmt"/>
        <line num="61" count="3" type="stmt"/>
        <line num="62" count="1" type="stmt"/>
        <line num="63" count="1" type="stmt"/>
        <line num="64" count="1" type="stmt"/>
        <line num="65" count="1" type="stmt"/>
        <line num="66" count="1" type="stmt"/>
        <line num="68" count="2" type="cond" truecount="2" falsecount="0"/>
        <line num="70" count="1" type="cond" truecount="3" falsecount="1"/>
        <line num="71" count="1" type="stmt"/>
        <line num="75" count="0" type="stmt"/>
        <line num="82" count="3" type="cond" truecount="2" falsecount="0"/>
        <line num="83" count="2" type="stmt"/>
        <line num="84" count="2" type="stmt"/>
        <line num="85" count="2" type="stmt"/>
        <line num="87" count="1" type="cond" truecount="1" falsecount="1"/>
        <line num="88" count="1" type="stmt"/>
        <line num="89" count="1" type="stmt"/>
        <line num="94" count="83" type="stmt"/>
        <line num="116" count="35" type="stmt"/>
        <line num="128" count="5" type="stmt"/>
        <line num="140" count="0" type="stmt"/>
        <line num="142" count="664" type="stmt"/>
        <line num="143" count="581" type="stmt"/>
        <line num="155" count="0" type="stmt"/>
        <line num="168" count="1" type="stmt"/>
        <line num="169" count="1" type="stmt"/>
        <line num="170" count="1" type="stmt"/>
        <line num="171" count="1" type="stmt"/>
        <line num="192" count="36" type="stmt"/>
        <line num="222" count="112" type="stmt"/>
        <line num="238" count="3" type="stmt"/>
      </file>
      <file name="CartPage.tsx" path="/Users/ilxiii/frontend-client-application/src/components/pages/CartPage.tsx">
        <metrics statements="21" coveredstatements="20" conditionals="10" coveredconditionals="9" methods="8" coveredmethods="7"/>
        <line num="15" count="36" type="stmt"/>
        <line num="16" count="36" type="stmt"/>
        <line num="17" count="36" type="stmt"/>
        <line num="20" count="8" type="stmt"/>
        <line num="21" count="8" type="stmt"/>
        <line num="22" count="8" type="stmt"/>
        <line num="23" count="8" type="stmt"/>
        <line num="25" count="9" type="stmt"/>
        <line num="31" count="6" type="stmt"/>
        <line num="32" count="6" type="stmt"/>
        <line num="34" count="2" type="cond" truecount="1" falsecount="1"/>
        <line num="35" count="2" type="stmt"/>
        <line num="40" count="8" type="stmt"/>
        <line num="44" count="36" type="cond" truecount="2" falsecount="0"/>
        <line num="45" count="11" type="stmt"/>
        <line num="60" count="25" type="stmt"/>
        <line num="90" count="30" type="stmt"/>
        <line num="107" count="1" type="stmt"/>
        <line num="120" count="1" type="stmt"/>
        <line num="136" count="0" type="stmt"/>
        <line num="154" count="30" type="stmt"/>
      </file>
      <file name="CatalogPage.tsx" path="/Users/ilxiii/frontend-client-application/src/components/pages/CatalogPage.tsx">
        <metrics statements="67" coveredstatements="64" conditionals="76" coveredconditionals="64" methods="27" coveredmethods="23"/>
        <line num="13" count="5" type="stmt"/>
        <line num="30" count="143" type="stmt"/>
        <line num="31" count="143" type="stmt"/>
        <line num="33" count="143" type="stmt"/>
        <line num="121" count="320" type="stmt"/>
        <line num="138" count="110" type="stmt"/>
        <line num="139" count="108" type="stmt"/>
        <line num="140" count="108" type="stmt"/>
        <line num="141" count="108" type="stmt"/>
        <line num="142" count="108" type="stmt"/>
        <line num="143" count="108" type="stmt"/>
        <line num="144" count="108" type="stmt"/>
        <line num="145" count="108" type="stmt"/>
        <line num="146" count="108" type="stmt"/>
        <line num="147" count="108" type="stmt"/>
        <line num="150" count="7" type="stmt"/>
        <line num="151" count="7" type="stmt"/>
        <line num="152" count="7" type="stmt"/>
        <line num="153" count="0" type="stmt"/>
        <line num="157" count="108" type="stmt"/>
        <line num="159" count="40" type="stmt"/>
        <line num="160" count="40" type="stmt"/>
        <line num="161" count="40" type="stmt"/>
        <line num="162" count="40" type="stmt"/>
        <line num="168" count="34" type="stmt"/>
        <line num="170" count="6" type="cond" truecount="1" falsecount="1"/>
        <line num="172" count="6" type="cond" truecount="3" falsecount="1"/>
        <line num="173" count="6" type="stmt"/>
        <line num="174" count="6" type="cond" truecount="2" falsecount="0"/>
        <line num="175" count="1" type="stmt"/>
        <line num="176" count="2" type="stmt"/>
        <line num="180" count="5" type="cond" truecount="4" falsecount="0"/>
        <line num="181" count="4" type="cond" truecount="4" falsecount="0"/>
        <line num="182" count="1" type="stmt"/>
        <line num="183" count="1" type="stmt"/>
        <line num="187" count="3" type="cond" truecount="4" falsecount="0"/>
        <line num="188" count="2" type="cond" truecount="2" falsecount="0"/>
        <line num="190" count="1" type="stmt"/>
        <line num="192" count="1" type="cond" truecount="1" falsecount="1"/>
        <line num="193" count="1" type="stmt"/>
        <line num="195" count="6" type="stmt"/>
        <line num="197" count="0" type="stmt"/>
        <line num="200" count="0" type="stmt"/>
        <line num="203" count="40" type="stmt"/>
        <line num="209" count="108" type="stmt"/>
        <line num="210" count="36" type="stmt"/>
        <line num="214" count="2" type="stmt"/>
        <line num="215" count="2" type="stmt"/>
        <line num="219" count="13" type="stmt"/>
        <line num="220" count="13" type="stmt"/>
        <line num="221" count="13" type="stmt"/>
        <line num="225" count="1" type="stmt"/>
        <line num="226" count="1" type="stmt"/>
        <line num="230" count="1" type="stmt"/>
        <line num="231" count="1" type="stmt"/>
        <line num="232" count="1" type="stmt"/>
        <line num="233" count="1" type="stmt"/>
        <line num="234" count="1" type="stmt"/>
        <line num="237" count="108" type="stmt"/>
        <line num="249" count="7" type="stmt"/>
        <line num="281" count="12" type="stmt"/>
        <line num="291" count="1" type="stmt"/>
        <line num="294" count="864" type="stmt"/>
        <line num="306" count="3" type="stmt"/>
        <line num="317" count="4" type="stmt"/>
        <line num="345" count="320" type="stmt"/>
        <line num="357" count="143" type="stmt"/>
      </file>
      <file name="OrdersPage.tsx" path="/Users/ilxiii/frontend-client-application/src/components/pages/OrdersPage.tsx">
        <metrics statements="58" coveredstatements="56" conditionals="62" coveredconditionals="53" methods="18" coveredmethods="18"/>
        <line num="23" count="5" type="stmt"/>
        <line num="24" count="40" type="stmt"/>
        <line num="29" count="40" type="stmt"/>
        <line num="30" count="40" type="stmt"/>
        <line num="41" count="40" type="stmt"/>
        <line num="42" count="40" type="stmt"/>
        <line num="43" count="40" type="stmt"/>
        <line num="44" count="40" type="stmt"/>
        <line num="45" count="40" type="stmt"/>
        <line num="48" count="8" type="stmt"/>
        <line num="49" count="8" type="stmt"/>
        <line num="50" count="8" type="stmt"/>
        <line num="51" count="8" type="stmt"/>
        <line num="56" count="3" type="stmt"/>
        <line num="57" count="3" type="cond" truecount="1" falsecount="1"/>
        <line num="58" count="3" type="stmt"/>
        <line num="59" count="3" type="stmt"/>
        <line num="60" count="3" type="stmt"/>
        <line num="65" count="0" type="stmt"/>
        <line num="66" count="0" type="stmt"/>
        <line num="69" count="5" type="cond" truecount="1" falsecount="1"/>
        <line num="71" count="5" type="cond" truecount="4" falsecount="0"/>
        <line num="72" count="3" type="cond" truecount="1" falsecount="1"/>
        <line num="73" count="3" type="stmt"/>
        <line num="74" count="3" type="cond" truecount="2" falsecount="0"/>
        <line num="75" count="1" type="stmt"/>
        <line num="76" count="2" type="cond" truecount="2" falsecount="0"/>
        <line num="77" count="1" type="stmt"/>
        <line num="79" count="3" type="stmt"/>
        <line num="82" count="2" type="cond" truecount="3" falsecount="1"/>
        <line num="85" count="2" type="stmt"/>
        <line num="88" count="8" type="stmt"/>
        <line num="92" count="40" type="stmt"/>
        <line num="107" count="2" type="stmt"/>
        <line num="157" count="30" type="cond" truecount="4" falsecount="0"/>
        <line num="162" count="30" type="cond" truecount="2" falsecount="1"/>
        <line num="163" count="30" type="stmt"/>
        <line num="259" count="37" type="stmt"/>
        <line num="260" count="37" type="stmt"/>
        <line num="261" count="37" type="stmt"/>
        <line num="262" count="37" type="stmt"/>
        <line num="263" count="37" type="stmt"/>
        <line num="265" count="37" type="stmt"/>
        <line num="266" count="19" type="stmt"/>
        <line num="268" count="17" type="stmt"/>
        <line num="269" count="17" type="stmt"/>
        <line num="270" count="37" type="stmt"/>
        <line num="271" count="17" type="stmt"/>
        <line num="274" count="2" type="cond" truecount="1" falsecount="1"/>
        <line num="275" count="2" type="stmt"/>
        <line num="280" count="19" type="stmt"/>
        <line num="283" count="37" type="stmt"/>
        <line num="284" count="37" type="stmt"/>
        <line num="285" count="37" type="stmt"/>
        <line num="287" count="37" type="stmt"/>
        <line num="303" count="42" type="stmt"/>
        <line num="321" count="57" type="stmt"/>
        <line num="337" count="22" type="stmt"/>
      </file>
      <file name="PaymentPage.tsx" path="/Users/ilxiii/frontend-client-application/src/components/pages/PaymentPage.tsx">
        <metrics statements="17" coveredstatements="17" conditionals="22" coveredconditionals="19" methods="10" coveredmethods="10"/>
        <line num="13" count="17" type="stmt"/>
        <line num="14" count="16" type="stmt"/>
        <line num="15" count="16" type="stmt"/>
        <line num="17" count="16" type="stmt"/>
        <line num="18" count="9" type="stmt"/>
        <line num="22" count="1" type="cond" truecount="1" falsecount="1"/>
        <line num="24" count="1" type="cond" truecount="3" falsecount="1"/>
        <line num="28" count="1" type="stmt"/>
        <line num="33" count="9" type="stmt"/>
        <line num="36" count="16" type="stmt"/>
        <line num="37" count="16" type="stmt"/>
        <line num="38" count="16" type="stmt"/>
        <line num="40" count="16" type="cond" truecount="2" falsecount="0"/>
        <line num="44" count="16" type="stmt"/>
        <line num="92" count="16" type="stmt"/>
        <line num="117" count="36" type="stmt"/>
        <line num="147" count="12" type="stmt"/>
      </file>
    </package>
    <package name="src.lib">
      <metrics statements="164" coveredstatements="158" conditionals="102" coveredconditionals="92" methods="35" coveredmethods="34"/>
      <file name="api.ts" path="/Users/ilxiii/frontend-client-application/src/lib/api.ts">
        <metrics statements="80" coveredstatements="80" conditionals="42" coveredconditionals="41" methods="13" coveredmethods="13"/>
        <line num="21" count="37" type="cond" truecount="4" falsecount="0"/>
        <line num="22" count="37" type="stmt"/>
        <line num="23" count="37" type="stmt"/>
        <line num="24" count="37" type="stmt"/>
        <line num="29" count="25" type="cond" truecount="2" falsecount="0"/>
        <line num="34" count="36" type="stmt"/>
        <line num="43" count="74" type="stmt"/>
        <line num="44" count="74" type="cond" truecount="2" falsecount="0"/>
        <line num="45" count="74" type="cond" truecount="2" falsecount="0"/>
        <line num="46" count="74" type="cond" truecount="2" falsecount="0"/>
        <line num="47" count="2" type="stmt"/>
        <line num="48" count="74" type="cond" truecount="2" falsecount="0"/>
        <line num="49" count="2" type="stmt"/>
        <line num="52" count="74" type="stmt"/>
        <line num="56" count="74" type="stmt"/>
        <line num="57" count="74" type="stmt"/>
        <line num="58" count="66" type="cond" truecount="2" falsecount="0"/>
        <line num="59" count="2" type="stmt"/>
        <line num="60" count="64" type="stmt"/>
        <line num="63" count="10" type="stmt"/>
        <line num="64" count="10" type="stmt"/>
        <line num="68" count="4" type="stmt"/>
        <line num="69" count="4" type="stmt"/>
        <line num="70" count="4" type="stmt"/>
        <line num="75" count="2" type="stmt"/>
        <line num="78" count="2" type="stmt"/>
        <line num="79" count="2" type="stmt"/>
        <line num="84" count="3" type="stmt"/>
        <line num="85" count="3" type="stmt"/>
        <line num="86" count="3" type="stmt"/>
        <line num="87" count="2" type="stmt"/>
        <line num="90" count="1" type="stmt"/>
        <line num="91" count="1" type="stmt"/>
        <line num="98" count="36" type="stmt"/>
        <line num="100" count="10" type="stmt"/>
        <line num="101" count="10" type="stmt"/>
        <line num="102" count="10" type="stmt"/>
        <line num="107" count="7" type="stmt"/>
        <line num="110" count="3" type="stmt"/>
        <line num="111" count="3" type="stmt"/>
        <line num="116" count="21" type="stmt"/>
        <line num="117" count="21" type="stmt"/>
        <line num="118" count="21" type="stmt"/>
        <line num="119" count="19" type="stmt"/>
        <line num="122" count="2" type="stmt"/>
        <line num="123" count="2" type="stmt"/>
        <line num="128" count="2" type="stmt"/>
        <line num="129" count="2" type="stmt"/>
        <line num="130" count="2" type="stmt"/>
        <line num="131" count="1" type="stmt"/>
        <line num="134" count="1" type="stmt"/>
        <line num="135" count="1" type="stmt"/>
        <line num="141" count="5" type="stmt"/>
        <line num="142" count="5" type="stmt"/>
        <line num="143" count="5" type="stmt"/>
        <line num="148" count="4" type="stmt"/>
        <line num="151" count="1" type="stmt"/>
        <line num="152" count="1" type="stmt"/>
        <line num="159" count="36" type="stmt"/>
        <line num="161" count="11" type="stmt"/>
        <line num="163" count="11" type="stmt"/>
        <line num="169" count="11" type="stmt"/>
        <line num="170" count="11" type="stmt"/>
        <line num="177" count="5" type="stmt"/>
        <line num="185" count="5" type="stmt"/>
        <line num="188" count="6" type="stmt"/>
        <line num="189" count="6" type="stmt"/>
        <line num="194" count="13" type="stmt"/>
        <line num="195" count="13" type="stmt"/>
        <line num="196" count="13" type="stmt"/>
        <line num="197" count="11" type="cond" truecount="2" falsecount="0"/>
        <line num="198" count="20" type="stmt"/>
        <line num="208" count="2" type="stmt"/>
        <line num="209" count="2" type="stmt"/>
        <line num="214" count="3" type="stmt"/>
        <line num="215" count="3" type="stmt"/>
        <line num="216" count="3" type="stmt"/>
        <line num="217" count="2" type="stmt"/>
        <line num="227" count="1" type="stmt"/>
        <line num="228" count="1" type="stmt"/>
      </file>
      <file name="cart.tsx" path="/Users/ilxiii/frontend-client-application/src/lib/cart.tsx">
        <metrics statements="25" coveredstatements="24" conditionals="15" coveredconditionals="12" methods="10" coveredmethods="10"/>
        <line num="20" count="44" type="cond" truecount="4" falsecount="1"/>
        <line num="22" count="32" type="stmt"/>
        <line num="23" count="9" type="stmt"/>
        <line num="25" count="32" type="cond" truecount="2" falsecount="0"/>
        <line num="26" count="2" type="stmt"/>
        <line num="29" count="2" type="cond" truecount="1" falsecount="1"/>
        <line num="34" count="30" type="stmt"/>
        <line num="40" count="1" type="stmt"/>
        <line num="42" count="2" type="stmt"/>
        <line num="45" count="4" type="cond" truecount="2" falsecount="0"/>
        <line num="46" count="2" type="stmt"/>
        <line num="48" count="2" type="stmt"/>
        <line num="50" count="2" type="stmt"/>
        <line num="53" count="2" type="cond" truecount="1" falsecount="1"/>
        <line num="57" count="7" type="stmt"/>
        <line num="59" count="0" type="stmt"/>
        <line num="63" count="9" type="stmt"/>
        <line num="71" count="128" type="stmt"/>
        <line num="75" count="128" type="stmt"/>
        <line num="76" count="50" type="stmt"/>
        <line num="79" count="128" type="stmt"/>
        <line num="80" count="128" type="stmt"/>
        <line num="88" count="426" type="stmt"/>
        <line num="89" count="424" type="cond" truecount="2" falsecount="0"/>
        <line num="90" count="420" type="stmt"/>
      </file>
      <file name="config.ts" path="/Users/ilxiii/frontend-client-application/src/lib/config.ts">
        <metrics statements="6" coveredstatements="6" conditionals="7" coveredconditionals="7" methods="2" coveredmethods="2"/>
        <line num="8" count="67" type="cond" truecount="3" falsecount="0"/>
        <line num="10" count="67" type="stmt"/>
        <line num="11" count="514" type="cond" truecount="4" falsecount="0"/>
        <line num="15" count="67" type="stmt"/>
        <line num="21" count="67" type="stmt"/>
        <line num="28" count="112" type="stmt"/>
      </file>
      <file name="formatters.ts" path="/Users/ilxiii/frontend-client-application/src/lib/formatters.ts">
        <metrics statements="5" coveredstatements="5" conditionals="4" coveredconditionals="2" methods="2" coveredmethods="2"/>
        <line num="2" count="525" type="stmt"/>
        <line num="9" count="55" type="cond" truecount="1" falsecount="1"/>
        <line num="10" count="55" type="stmt"/>
        <line num="11" count="55" type="cond" truecount="1" falsecount="1"/>
        <line num="12" count="55" type="stmt"/>
      </file>
      <file name="http.ts" path="/Users/ilxiii/frontend-client-application/src/lib/http.ts">
        <metrics statements="48" coveredstatements="43" conditionals="34" coveredconditionals="30" methods="8" coveredmethods="7"/>
        <line num="5" count="44" type="cond" truecount="2" falsecount="0"/>
        <line num="8" count="44" type="cond" truecount="2" falsecount="2"/>
        <line num="9" count="0" type="stmt"/>
        <line num="12" count="44" type="stmt"/>
        <line num="13" count="1364" type="stmt"/>
        <line num="14" count="1364" type="cond" truecount="2" falsecount="0"/>
        <line num="19" count="196" type="cond" truecount="2" falsecount="2"/>
        <line num="20" count="0" type="stmt"/>
        <line num="21" count="0" type="stmt"/>
        <line num="22" count="0" type="stmt"/>
        <line num="24" count="196" type="stmt"/>
        <line num="25" count="1920" type="stmt"/>
        <line num="30" count="152" type="stmt"/>
        <line num="31" count="152" type="stmt"/>
        <line num="35" count="44" type="stmt"/>
        <line num="37" count="44" type="stmt"/>
        <line num="40" count="156" type="cond" truecount="2" falsecount="0"/>
        <line num="41" count="5" type="cond" truecount="3" falsecount="0"/>
        <line num="43" count="2" type="stmt"/>
        <line num="45" count="2" type="stmt"/>
        <line num="47" count="1" type="stmt"/>
        <line num="50" count="151" type="stmt"/>
        <line num="51" count="151" type="cond" truecount="2" falsecount="0"/>
        <line num="52" count="19" type="stmt"/>
        <line num="53" count="19" type="cond" truecount="2" falsecount="0"/>
        <line num="54" count="19" type="stmt"/>
        <line num="58" count="152" type="stmt"/>
        <line num="59" count="152" type="stmt"/>
        <line num="63" count="152" type="cond" truecount="2" falsecount="0"/>
        <line num="64" count="91" type="stmt"/>
        <line num="68" count="152" type="stmt"/>
        <line num="69" count="152" type="stmt"/>
        <line num="77" count="2" type="stmt"/>
        <line num="78" count="2" type="stmt"/>
        <line num="79" count="2" type="stmt"/>
        <line num="82" count="150" type="cond" truecount="2" falsecount="0"/>
        <line num="83" count="150" type="stmt"/>
        <line num="84" count="150" type="stmt"/>
        <line num="85" count="150" type="cond" truecount="2" falsecount="0"/>
        <line num="86" count="148" type="stmt"/>
        <line num="87" count="148" type="cond" truecount="2" falsecount="0"/>
        <line num="91" count="0" type="stmt"/>
        <line num="95" count="150" type="cond" truecount="2" falsecount="0"/>
        <line num="97" count="28" type="cond" truecount="2" falsecount="0"/>
        <line num="98" count="1" type="stmt"/>
        <line num="102" count="28" type="stmt"/>
        <line num="103" count="28" type="stmt"/>
        <line num="105" count="122" type="stmt"/>
      </file>
    </package>
    <package name="src.services">
      <metrics statements="37" coveredstatements="37" conditionals="26" coveredconditionals="23" methods="8" coveredmethods="8"/>
      <file name="keycloak.ts" path="/Users/ilxiii/frontend-client-application/src/services/keycloak.ts">
        <metrics statements="37" coveredstatements="37" conditionals="26" coveredconditionals="23" methods="8" coveredmethods="8"/>
        <line num="4" count="56" type="stmt"/>
        <line num="11" count="6" type="cond" truecount="2" falsecount="0"/>
        <line num="12" count="1" type="stmt"/>
        <line num="15" count="5" type="cond" truecount="2" falsecount="0"/>
        <line num="16" count="5" type="cond" truecount="2" falsecount="0"/>
        <line num="17" count="5" type="cond" truecount="2" falsecount="0"/>
        <line num="19" count="5" type="stmt"/>
        <line num="27" count="5" type="cond" truecount="2" falsecount="0"/>
        <line num="28" count="4" type="stmt"/>
        <line num="29" count="4" type="stmt"/>
        <line num="30" count="4" type="stmt"/>
        <line num="34" count="5" type="stmt"/>
        <line num="35" count="1" type="stmt"/>
        <line num="36" count="1" type="stmt"/>
        <line num="37" count="1" type="stmt"/>
        <line num="38" count="1" type="stmt"/>
        <line num="42" count="5" type="stmt"/>
        <line num="46" count="93" type="cond" truecount="2" falsecount="0"/>
        <line num="47" count="1" type="stmt"/>
        <line num="49" count="92" type="stmt"/>
        <line num="50" count="92" type="stmt"/>
        <line num="54" count="2" type="cond" truecount="2" falsecount="0"/>
        <line num="55" count="1" type="stmt"/>
        <line num="57" count="1" type="cond" truecount="1" falsecount="1"/>
        <line num="61" count="2" type="cond" truecount="2" falsecount="0"/>
        <line num="62" count="1" type="stmt"/>
        <line num="64" count="1" type="cond" truecount="1" falsecount="1"/>
        <line num="68" count="5" type="cond" truecount="2" falsecount="0"/>
        <line num="69" count="2" type="stmt"/>
        <line num="71" count="3" type="stmt"/>
        <line num="72" count="3" type="cond" truecount="1" falsecount="1"/>
        <line num="76" count="2" type="cond" truecount="2" falsecount="0"/>
        <line num="77" count="1" type="stmt"/>
        <line num="79" count="1" type="stmt"/>
        <line num="80" count="1" type="stmt"/>
        <line num="81" count="1" type="stmt"/>
        <line num="82" count="1" type="stmt"/>
      </file>
    </package>
  </project>
</coverage>
