{"/Users/ilxiii/frontend-client-application/src/App.tsx": {"path":"/Users/ilxiii/frontend-client-application/src/App.tsx","statementMap":{"0":{"start":{"line":14,"column":32},"end":{"line":14,"column":47}},"1":{"start":{"line":16,"column":2},"end":{"line":23,"column":9}},"2":{"start":{"line":18,"column":6},"end":{"line":18,"column":23}},"3":{"start":{"line":19,"column":6},"end":{"line":19,"column":48}},"4":{"start":{"line":19,"column":23},"end":{"line":19,"column":40}},"5":{"start":{"line":21,"column":4},"end":{"line":21,"column":63}},"6":{"start":{"line":22,"column":4},"end":{"line":22,"column":79}},"7":{"start":{"line":22,"column":17},"end":{"line":22,"column":78}},"8":{"start":{"line":25,"column":2},"end":{"line":25,"column":28}},"9":{"start":{"line":25,"column":16},"end":{"line":25,"column":28}},"10":{"start":{"line":27,"column":2},"end":{"line":67,"column":4}},"11":{"start":{"line":53,"column":23},"end":{"line":53,"column":40}},"12":{"start":{"line":71,"column":26},"end":{"line":71,"column":51}},"13":{"start":{"line":72,"column":50},"end":{"line":72,"column":79}},"14":{"start":{"line":75,"column":4},"end":{"line":75,"column":41}},"15":{"start":{"line":76,"column":4},"end":{"line":76,"column":22}},"16":{"start":{"line":79,"column":2},"end":{"line":97,"column":4}}},"fnMap":{"0":{"name":"RateLimitBanner","decl":{"start":{"line":13,"column":9},"end":{"line":13,"column":24}},"loc":{"start":{"line":13,"column":27},"end":{"line":68,"column":1}},"line":13},"1":{"name":"(anonymous_1)","decl":{"start":{"line":16,"column":12},"end":{"line":16,"column":13}},"loc":{"start":{"line":16,"column":18},"end":{"line":23,"column":3}},"line":16},"2":{"name":"handleRateLimit","decl":{"start":{"line":17,"column":13},"end":{"line":17,"column":28}},"loc":{"start":{"line":17,"column":31},"end":{"line":20,"column":5}},"line":17},"3":{"name":"(anonymous_3)","decl":{"start":{"line":19,"column":17},"end":{"line":19,"column":18}},"loc":{"start":{"line":19,"column":23},"end":{"line":19,"column":40}},"line":19},"4":{"name":"(anonymous_4)","decl":{"start":{"line":22,"column":11},"end":{"line":22,"column":12}},"loc":{"start":{"line":22,"column":17},"end":{"line":22,"column":78}},"line":22},"5":{"name":"(anonymous_5)","decl":{"start":{"line":53,"column":17},"end":{"line":53,"column":18}},"loc":{"start":{"line":53,"column":23},"end":{"line":53,"column":40}},"line":53},"6":{"name":"App","decl":{"start":{"line":70,"column":24},"end":{"line":70,"column":27}},"loc":{"start":{"line":70,"column":30},"end":{"line":98,"column":1}},"line":70},"7":{"name":"goToOrders","decl":{"start":{"line":74,"column":11},"end":{"line":74,"column":21}},"loc":{"start":{"line":74,"column":40},"end":{"line":77,"column":3}},"line":74}},"branchMap":{"0":{"loc":{"start":{"line":25,"column":2},"end":{"line":25,"column":28}},"type":"if","locations":[{"start":{"line":25,"column":2},"end":{"line":25,"column":28}},{"start":{},"end":{}}],"line":25},"1":{"loc":{"start":{"line":75,"column":24},"end":{"line":75,"column":39}},"type":"binary-expr","locations":[{"start":{"line":75,"column":24},"end":{"line":75,"column":31}},{"start":{"line":75,"column":35},"end":{"line":75,"column":39}}],"line":75},"2":{"loc":{"start":{"line":86,"column":13},"end":{"line":86,"column":50}},"type":"binary-expr","locations":[{"start":{"line":86,"column":13},"end":{"line":86,"column":31}},{"start":{"line":86,"column":35},"end":{"line":86,"column":50}}],"line":86},"3":{"loc":{"start":{"line":87,"column":13},"end":{"line":87,"column":68}},"type":"binary-expr","locations":[{"start":{"line":87,"column":13},"end":{"line":87,"column":28}},{"start":{"line":87,"column":32},"end":{"line":87,"column":68}}],"line":87},"4":{"loc":{"start":{"line":88,"column":13},"end":{"line":90,"column":13}},"type":"binary-expr","locations":[{"start":{"line":88,"column":13},"end":{"line":88,"column":30}},{"start":{"line":89,"column":14},"end":{"line":89,"column":64}}],"line":88},"5":{"loc":{"start":{"line":91,"column":13},"end":{"line":91,"column":50}},"type":"binary-expr","locations":[{"start":{"line":91,"column":13},"end":{"line":91,"column":31}},{"start":{"line":91,"column":35},"end":{"line":91,"column":50}}],"line":91},"6":{"loc":{"start":{"line":92,"column":13},"end":{"line":92,"column":54}},"type":"binary-expr","locations":[{"start":{"line":92,"column":13},"end":{"line":92,"column":29}},{"start":{"line":92,"column":33},"end":{"line":92,"column":54}}],"line":92}},"s":{"0":41,"1":41,"2":2,"3":2,"4":1,"5":18,"6":18,"7":18,"8":41,"9":39,"10":2,"11":1,"12":38,"13":37,"14":5,"15":5,"16":37},"f":{"0":41,"1":18,"2":2,"3":1,"4":18,"5":1,"6":38,"7":5},"b":{"0":[39,2],"1":[5,1],"2":[37,18],"3":[37,10],"4":[37,7],"5":[37,1],"6":[37,1]},"_coverageSchema":"1a1c01bbd47fc00a2c39e90264f33305004495a9","hash":"4d38a0f7485209fb60967be7043fe131ddd68cd6"}
,"/Users/ilxiii/frontend-client-application/src/components/layout/Sidebar.tsx": {"path":"/Users/ilxiii/frontend-client-application/src/components/layout/Sidebar.tsx","statementMap":{"0":{"start":{"line":17,"column":85},"end":{"line":23,"column":1}},"1":{"start":{"line":26,"column":20},"end":{"line":26,"column":29}},"2":{"start":{"line":28,"column":2},"end":{"line":90,"column":4}},"3":{"start":{"line":33,"column":23},"end":{"line":33,"column":41}},"4":{"start":{"line":48,"column":10},"end":{"line":48,"column":70}},"5":{"start":{"line":48,"column":58},"end":{"line":48,"column":70}},"6":{"start":{"line":49,"column":27},"end":{"line":49,"column":45}},"7":{"start":{"line":50,"column":23},"end":{"line":50,"column":32}},"8":{"start":{"line":51,"column":10},"end":{"line":63,"column":12}},"9":{"start":{"line":55,"column":29},"end":{"line":55,"column":47}},"10":{"start":{"line":73,"column":25},"end":{"line":73,"column":33}}},"fnMap":{"0":{"name":"Sidebar","decl":{"start":{"line":25,"column":24},"end":{"line":25,"column":31}},"loc":{"start":{"line":25,"column":65},"end":{"line":91,"column":1}},"line":25},"1":{"name":"(anonymous_1)","decl":{"start":{"line":33,"column":17},"end":{"line":33,"column":18}},"loc":{"start":{"line":33,"column":23},"end":{"line":33,"column":41}},"line":33},"2":{"name":"(anonymous_2)","decl":{"start":{"line":47,"column":22},"end":{"line":47,"column":23}},"loc":{"start":{"line":47,"column":32},"end":{"line":64,"column":9}},"line":47},"3":{"name":"(anonymous_3)","decl":{"start":{"line":55,"column":23},"end":{"line":55,"column":24}},"loc":{"start":{"line":55,"column":29},"end":{"line":55,"column":47}},"line":55},"4":{"name":"(anonymous_4)","decl":{"start":{"line":73,"column":19},"end":{"line":73,"column":20}},"loc":{"start":{"line":73,"column":25},"end":{"line":73,"column":33}},"line":73}},"branchMap":{"0":{"loc":{"start":{"line":48,"column":10},"end":{"line":48,"column":70}},"type":"if","locations":[{"start":{"line":48,"column":10},"end":{"line":48,"column":70}},{"start":{},"end":{}}],"line":48},"1":{"loc":{"start":{"line":48,"column":14},"end":{"line":48,"column":56}},"type":"binary-expr","locations":[{"start":{"line":48,"column":14},"end":{"line":48,"column":35}},{"start":{"line":48,"column":39},"end":{"line":48,"column":56}}],"line":48},"2":{"loc":{"start":{"line":54,"column":40},"end":{"line":54,"column":65}},"type":"cond-expr","locations":[{"start":{"line":54,"column":51},"end":{"line":54,"column":60}},{"start":{"line":54,"column":63},"end":{"line":54,"column":65}}],"line":54},"3":{"loc":{"start":{"line":59,"column":15},"end":{"line":61,"column":15}},"type":"binary-expr","locations":[{"start":{"line":59,"column":15},"end":{"line":59,"column":35}},{"start":{"line":59,"column":39},"end":{"line":59,"column":48}},{"start":{"line":60,"column":16},"end":{"line":60,"column":62}}],"line":59}},"s":{"0":5,"1":58,"2":58,"3":0,"4":290,"5":8,"6":282,"7":282,"8":282,"9":15,"10":1},"f":{"0":58,"1":0,"2":290,"3":15,"4":1},"b":{"0":[8,282],"1":[290,58],"2":[58,224],"3":[282,58,20]},"_coverageSchema":"1a1c01bbd47fc00a2c39e90264f33305004495a9","hash":"30abbacb6177d7ca9a1db6f8db39826ef9e96c28"}
,"/Users/ilxiii/frontend-client-application/src/components/pages/AdminProductsPage.tsx": {"path":"/Users/ilxiii/frontend-client-application/src/components/pages/AdminProductsPage.tsx","statementMap":{"0":{"start":{"line":10,"column":34},"end":{"line":10,"column":57}},"1":{"start":{"line":11,"column":32},"end":{"line":11,"column":47}},"2":{"start":{"line":12,"column":28},"end":{"line":12,"column":57}},"3":{"start":{"line":14,"column":26},"end":{"line":14,"column":38}},"4":{"start":{"line":15,"column":28},"end":{"line":15,"column":40}},"5":{"start":{"line":16,"column":34},"end":{"line":16,"column":58}},"6":{"start":{"line":17,"column":40},"end":{"line":17,"column":52}},"7":{"start":{"line":19,"column":18},"end":{"line":19,"column":34}},"8":{"start":{"line":21,"column":15},"end":{"line":35,"column":3}},"9":{"start":{"line":22,"column":4},"end":{"line":22,"column":21}},"10":{"start":{"line":23,"column":4},"end":{"line":23,"column":19}},"11":{"start":{"line":24,"column":4},"end":{"line":34,"column":5}},"12":{"start":{"line":25,"column":19},"end":{"line":25,"column":53}},"13":{"start":{"line":26,"column":6},"end":{"line":26,"column":24}},"14":{"start":{"line":28,"column":6},"end":{"line":31,"column":7}},"15":{"start":{"line":29,"column":8},"end":{"line":29,"column":64}},"16":{"start":{"line":30,"column":8},"end":{"line":30,"column":27}},"17":{"start":{"line":33,"column":6},"end":{"line":33,"column":24}},"18":{"start":{"line":37,"column":2},"end":{"line":39,"column":16}},"19":{"start":{"line":38,"column":4},"end":{"line":38,"column":24}},"20":{"start":{"line":38,"column":17},"end":{"line":38,"column":24}},"21":{"start":{"line":41,"column":2},"end":{"line":48,"column":3}},"22":{"start":{"line":42,"column":4},"end":{"line":47,"column":6}},"23":{"start":{"line":51,"column":4},"end":{"line":51,"column":23}},"24":{"start":{"line":52,"column":4},"end":{"line":52,"column":19}},"25":{"start":{"line":53,"column":42},"end":{"line":58,"column":5}},"26":{"start":{"line":60,"column":4},"end":{"line":77,"column":5}},"27":{"start":{"line":61,"column":22},"end":{"line":61,"column":65}},"28":{"start":{"line":62,"column":6},"end":{"line":62,"column":42}},"29":{"start":{"line":62,"column":25},"end":{"line":62,"column":40}},"30":{"start":{"line":63,"column":6},"end":{"line":63,"column":18}},"31":{"start":{"line":64,"column":6},"end":{"line":64,"column":19}},"32":{"start":{"line":65,"column":6},"end":{"line":65,"column":34}},"33":{"start":{"line":66,"column":6},"end":{"line":66,"column":25}},"34":{"start":{"line":68,"column":6},"end":{"line":76,"column":7}},"35":{"start":{"line":70,"column":13},"end":{"line":76,"column":7}},"36":{"start":{"line":71,"column":8},"end":{"line":73,"column":10}},"37":{"start":{"line":75,"column":8},"end":{"line":75,"column":58}},"38":{"start":{"line":82,"column":4},"end":{"line":82,"column":51}},"39":{"start":{"line":82,"column":44},"end":{"line":82,"column":51}},"40":{"start":{"line":83,"column":4},"end":{"line":91,"column":5}},"41":{"start":{"line":84,"column":6},"end":{"line":84,"column":45}},"42":{"start":{"line":85,"column":6},"end":{"line":85,"column":55}},"43":{"start":{"line":85,"column":25},"end":{"line":85,"column":53}},"44":{"start":{"line":85,"column":41},"end":{"line":85,"column":52}},"45":{"start":{"line":87,"column":6},"end":{"line":90,"column":7}},"46":{"start":{"line":88,"column":8},"end":{"line":88,"column":50}},"47":{"start":{"line":89,"column":8},"end":{"line":89,"column":27}},"48":{"start":{"line":94,"column":2},"end":{"line":252,"column":4}},"49":{"start":{"line":116,"column":35},"end":{"line":116,"column":58}},"50":{"start":{"line":128,"column":35},"end":{"line":128,"column":59}},"51":{"start":{"line":140,"column":35},"end":{"line":140,"column":62}},"52":{"start":{"line":142,"column":44},"end":{"line":142,"column":56}},"53":{"start":{"line":143,"column":20},"end":{"line":145,"column":29}},"54":{"start":{"line":155,"column":35},"end":{"line":155,"column":65}},"55":{"start":{"line":168,"column":18},"end":{"line":168,"column":30}},"56":{"start":{"line":169,"column":18},"end":{"line":169,"column":31}},"57":{"start":{"line":170,"column":18},"end":{"line":170,"column":46}},"58":{"start":{"line":171,"column":18},"end":{"line":171,"column":37}},"59":{"start":{"line":192,"column":14},"end":{"line":192,"column":73}},"60":{"start":{"line":222,"column":18},"end":{"line":244,"column":23}},"61":{"start":{"line":238,"column":39},"end":{"line":238,"column":57}}},"fnMap":{"0":{"name":"AdminProductsPage","decl":{"start":{"line":9,"column":24},"end":{"line":9,"column":41}},"loc":{"start":{"line":9,"column":44},"end":{"line":253,"column":1}},"line":9},"1":{"name":"(anonymous_1)","decl":{"start":{"line":21,"column":15},"end":{"line":21,"column":16}},"loc":{"start":{"line":21,"column":27},"end":{"line":35,"column":3}},"line":21},"2":{"name":"(anonymous_2)","decl":{"start":{"line":37,"column":12},"end":{"line":37,"column":13}},"loc":{"start":{"line":37,"column":18},"end":{"line":39,"column":3}},"line":37},"3":{"name":"handleAdd","decl":{"start":{"line":50,"column":17},"end":{"line":50,"column":26}},"loc":{"start":{"line":50,"column":47},"end":{"line":78,"column":3}},"line":50},"4":{"name":"(anonymous_4)","decl":{"start":{"line":62,"column":18},"end":{"line":62,"column":19}},"loc":{"start":{"line":62,"column":25},"end":{"line":62,"column":40}},"line":62},"5":{"name":"handleDelete","decl":{"start":{"line":80,"column":17},"end":{"line":80,"column":29}},"loc":{"start":{"line":80,"column":42},"end":{"line":92,"column":3}},"line":80},"6":{"name":"(anonymous_6)","decl":{"start":{"line":85,"column":18},"end":{"line":85,"column":19}},"loc":{"start":{"line":85,"column":25},"end":{"line":85,"column":53}},"line":85},"7":{"name":"(anonymous_7)","decl":{"start":{"line":85,"column":34},"end":{"line":85,"column":35}},"loc":{"start":{"line":85,"column":41},"end":{"line":85,"column":52}},"line":85},"8":{"name":"(anonymous_8)","decl":{"start":{"line":116,"column":28},"end":{"line":116,"column":29}},"loc":{"start":{"line":116,"column":35},"end":{"line":116,"column":58}},"line":116},"9":{"name":"(anonymous_9)","decl":{"start":{"line":128,"column":28},"end":{"line":128,"column":29}},"loc":{"start":{"line":128,"column":35},"end":{"line":128,"column":59}},"line":128},"10":{"name":"(anonymous_10)","decl":{"start":{"line":140,"column":28},"end":{"line":140,"column":29}},"loc":{"start":{"line":140,"column":35},"end":{"line":140,"column":62}},"line":140},"11":{"name":"(anonymous_11)","decl":{"start":{"line":142,"column":37},"end":{"line":142,"column":38}},"loc":{"start":{"line":142,"column":44},"end":{"line":142,"column":56}},"line":142},"12":{"name":"(anonymous_12)","decl":{"start":{"line":142,"column":62},"end":{"line":142,"column":63}},"loc":{"start":{"line":143,"column":20},"end":{"line":145,"column":29}},"line":143},"13":{"name":"(anonymous_13)","decl":{"start":{"line":155,"column":28},"end":{"line":155,"column":29}},"loc":{"start":{"line":155,"column":35},"end":{"line":155,"column":65}},"line":155},"14":{"name":"(anonymous_14)","decl":{"start":{"line":167,"column":25},"end":{"line":167,"column":26}},"loc":{"start":{"line":167,"column":31},"end":{"line":172,"column":17}},"line":167},"15":{"name":"(anonymous_15)","decl":{"start":{"line":191,"column":27},"end":{"line":191,"column":28}},"loc":{"start":{"line":192,"column":14},"end":{"line":192,"column":73}},"line":192},"16":{"name":"(anonymous_16)","decl":{"start":{"line":221,"column":30},"end":{"line":221,"column":31}},"loc":{"start":{"line":222,"column":18},"end":{"line":244,"column":23}},"line":222},"17":{"name":"(anonymous_17)","decl":{"start":{"line":238,"column":33},"end":{"line":238,"column":34}},"loc":{"start":{"line":238,"column":39},"end":{"line":238,"column":57}},"line":238}},"branchMap":{"0":{"loc":{"start":{"line":28,"column":6},"end":{"line":31,"column":7}},"type":"if","locations":[{"start":{"line":28,"column":6},"end":{"line":31,"column":7}},{"start":{},"end":{}}],"line":28},"1":{"loc":{"start":{"line":38,"column":4},"end":{"line":38,"column":24}},"type":"if","locations":[{"start":{"line":38,"column":4},"end":{"line":38,"column":24}},{"start":{},"end":{}}],"line":38},"2":{"loc":{"start":{"line":41,"column":2},"end":{"line":48,"column":3}},"type":"if","locations":[{"start":{"line":41,"column":2},"end":{"line":48,"column":3}},{"start":{},"end":{}}],"line":41},"3":{"loc":{"start":{"line":55,"column":24},"end":{"line":55,"column":36}},"type":"binary-expr","locations":[{"start":{"line":55,"column":24},"end":{"line":55,"column":29}},{"start":{"line":55,"column":33},"end":{"line":55,"column":36}}],"line":55},"4":{"loc":{"start":{"line":57,"column":19},"end":{"line":57,"column":43}},"type":"binary-expr","locations":[{"start":{"line":57,"column":19},"end":{"line":57,"column":30}},{"start":{"line":57,"column":34},"end":{"line":57,"column":43}}],"line":57},"5":{"loc":{"start":{"line":68,"column":6},"end":{"line":76,"column":7}},"type":"if","locations":[{"start":{"line":68,"column":6},"end":{"line":76,"column":7}},{"start":{"line":70,"column":13},"end":{"line":76,"column":7}}],"line":68},"6":{"loc":{"start":{"line":70,"column":13},"end":{"line":76,"column":7}},"type":"if","locations":[{"start":{"line":70,"column":13},"end":{"line":76,"column":7}},{"start":{"line":74,"column":13},"end":{"line":76,"column":7}}],"line":70},"7":{"loc":{"start":{"line":70,"column":17},"end":{"line":70,"column":55}},"type":"binary-expr","locations":[{"start":{"line":70,"column":17},"end":{"line":70,"column":40}},{"start":{"line":70,"column":44},"end":{"line":70,"column":55}}],"line":70},"8":{"loc":{"start":{"line":72,"column":28},"end":{"line":72,"column":78}},"type":"binary-expr","locations":[{"start":{"line":72,"column":28},"end":{"line":72,"column":47}},{"start":{"line":72,"column":51},"end":{"line":72,"column":78}}],"line":72},"9":{"loc":{"start":{"line":82,"column":4},"end":{"line":82,"column":51}},"type":"if","locations":[{"start":{"line":82,"column":4},"end":{"line":82,"column":51}},{"start":{},"end":{}}],"line":82},"10":{"loc":{"start":{"line":87,"column":6},"end":{"line":90,"column":7}},"type":"if","locations":[{"start":{"line":87,"column":6},"end":{"line":90,"column":7}},{"start":{},"end":{}}],"line":87},"11":{"loc":{"start":{"line":181,"column":7},"end":{"line":186,"column":7}},"type":"binary-expr","locations":[{"start":{"line":181,"column":7},"end":{"line":181,"column":12}},{"start":{"line":182,"column":8},"end":{"line":185,"column":14}}],"line":181},"12":{"loc":{"start":{"line":188,"column":7},"end":{"line":250,"column":7}},"type":"cond-expr","locations":[{"start":{"line":189,"column":8},"end":{"line":195,"column":14}},{"start":{"line":196,"column":10},"end":{"line":250,"column":7}}],"line":188},"13":{"loc":{"start":{"line":196,"column":10},"end":{"line":250,"column":7}},"type":"cond-expr","locations":[{"start":{"line":197,"column":8},"end":{"line":201,"column":14}},{"start":{"line":203,"column":8},"end":{"line":249,"column":14}}],"line":196},"14":{"loc":{"start":{"line":233,"column":48},"end":{"line":233,"column":62}},"type":"binary-expr","locations":[{"start":{"line":233,"column":48},"end":{"line":233,"column":55}},{"start":{"line":233,"column":59},"end":{"line":233,"column":62}}],"line":233}},"s":{"0":85,"1":84,"2":84,"3":84,"4":84,"5":84,"6":84,"7":84,"8":84,"9":12,"10":12,"11":12,"12":12,"13":11,"14":1,"15":1,"16":1,"17":12,"18":84,"19":13,"20":12,"21":84,"22":1,"23":3,"24":3,"25":3,"26":3,"27":3,"28":1,"29":1,"30":1,"31":1,"32":1,"33":1,"34":2,"35":1,"36":1,"37":0,"38":3,"39":1,"40":2,"41":2,"42":1,"43":1,"44":2,"45":1,"46":1,"47":1,"48":83,"49":35,"50":5,"51":0,"52":664,"53":581,"54":0,"55":1,"56":1,"57":1,"58":1,"59":36,"60":112,"61":3},"f":{"0":85,"1":12,"2":13,"3":3,"4":1,"5":3,"6":1,"7":2,"8":35,"9":5,"10":0,"11":664,"12":581,"13":0,"14":1,"15":36,"16":112,"17":3},"b":{"0":[1,0],"1":[12,1],"2":[1,83],"3":[3,0],"4":[3,3],"5":[1,1],"6":[1,0],"7":[1,1],"8":[1,0],"9":[1,2],"10":[1,0],"11":[83,3],"12":[12,71],"13":[15,56],"14":[112,1]},"_coverageSchema":"1a1c01bbd47fc00a2c39e90264f33305004495a9","hash":"8600d9c9a6669a88db9d294435d5192d8996d4b5"}
,"/Users/ilxiii/frontend-client-application/src/components/pages/CartPage.tsx": {"path":"/Users/ilxiii/frontend-client-application/src/components/pages/CartPage.tsx","statementMap":{"0":{"start":{"line":15,"column":44},"end":{"line":15,"column":53}},"1":{"start":{"line":16,"column":32},"end":{"line":16,"column":47}},"2":{"start":{"line":17,"column":28},"end":{"line":17,"column":57}},"3":{"start":{"line":20,"column":4},"end":{"line":41,"column":5}},"4":{"start":{"line":21,"column":6},"end":{"line":21,"column":23}},"5":{"start":{"line":22,"column":6},"end":{"line":22,"column":21}},"6":{"start":{"line":23,"column":20},"end":{"line":30,"column":8}},"7":{"start":{"line":25,"column":42},"end":{"line":29,"column":9}},"8":{"start":{"line":31,"column":6},"end":{"line":31,"column":34}},"9":{"start":{"line":32,"column":6},"end":{"line":32,"column":27}},"10":{"start":{"line":34,"column":6},"end":{"line":38,"column":7}},"11":{"start":{"line":35,"column":8},"end":{"line":37,"column":10}},"12":{"start":{"line":40,"column":6},"end":{"line":40,"column":24}},"13":{"start":{"line":44,"column":2},"end":{"line":58,"column":3}},"14":{"start":{"line":45,"column":4},"end":{"line":57,"column":6}},"15":{"start":{"line":60,"column":2},"end":{"line":202,"column":4}},"16":{"start":{"line":90,"column":18},"end":{"line":141,"column":23}},"17":{"start":{"line":107,"column":28},"end":{"line":111,"column":30}},"18":{"start":{"line":120,"column":28},"end":{"line":124,"column":30}},"19":{"start":{"line":136,"column":39},"end":{"line":136,"column":88}},"20":{"start":{"line":154,"column":16},"end":{"line":159,"column":22}}},"fnMap":{"0":{"name":"CartPage","decl":{"start":{"line":14,"column":24},"end":{"line":14,"column":32}},"loc":{"start":{"line":14,"column":56},"end":{"line":203,"column":1}},"line":14},"1":{"name":"handleOrder","decl":{"start":{"line":19,"column":17},"end":{"line":19,"column":28}},"loc":{"start":{"line":19,"column":31},"end":{"line":42,"column":3}},"line":19},"2":{"name":"(anonymous_2)","decl":{"start":{"line":25,"column":34},"end":{"line":25,"column":35}},"loc":{"start":{"line":25,"column":42},"end":{"line":29,"column":9}},"line":25},"3":{"name":"(anonymous_3)","decl":{"start":{"line":89,"column":33},"end":{"line":89,"column":34}},"loc":{"start":{"line":90,"column":18},"end":{"line":141,"column":23}},"line":90},"4":{"name":"(anonymous_4)","decl":{"start":{"line":106,"column":35},"end":{"line":106,"column":36}},"loc":{"start":{"line":107,"column":28},"end":{"line":111,"column":30}},"line":107},"5":{"name":"(anonymous_5)","decl":{"start":{"line":119,"column":35},"end":{"line":119,"column":36}},"loc":{"start":{"line":120,"column":28},"end":{"line":124,"column":30}},"line":120},"6":{"name":"(anonymous_6)","decl":{"start":{"line":136,"column":33},"end":{"line":136,"column":34}},"loc":{"start":{"line":136,"column":39},"end":{"line":136,"column":88}},"line":136},"7":{"name":"(anonymous_7)","decl":{"start":{"line":153,"column":31},"end":{"line":153,"column":32}},"loc":{"start":{"line":154,"column":16},"end":{"line":159,"column":22}},"line":154}},"branchMap":{"0":{"loc":{"start":{"line":34,"column":6},"end":{"line":38,"column":7}},"type":"if","locations":[{"start":{"line":34,"column":6},"end":{"line":38,"column":7}},{"start":{},"end":{}}],"line":34},"1":{"loc":{"start":{"line":44,"column":2},"end":{"line":58,"column":3}},"type":"if","locations":[{"start":{"line":44,"column":2},"end":{"line":58,"column":3}},{"start":{},"end":{}}],"line":44},"2":{"loc":{"start":{"line":65,"column":26},"end":{"line":65,"column":46}},"type":"cond-expr","locations":[{"start":{"line":65,"column":38},"end":{"line":65,"column":41}},{"start":{"line":65,"column":44},"end":{"line":65,"column":46}}],"line":65},"3":{"loc":{"start":{"line":175,"column":11},"end":{"line":180,"column":11}},"type":"binary-expr","locations":[{"start":{"line":175,"column":11},"end":{"line":175,"column":16}},{"start":{"line":176,"column":12},"end":{"line":179,"column":18}}],"line":175},"4":{"loc":{"start":{"line":187,"column":13},"end":{"line":197,"column":13}},"type":"cond-expr","locations":[{"start":{"line":188,"column":14},"end":{"line":191,"column":17}},{"start":{"line":193,"column":14},"end":{"line":196,"column":17}}],"line":187}},"s":{"0":36,"1":36,"2":36,"3":8,"4":8,"5":8,"6":8,"7":9,"8":6,"9":6,"10":2,"11":2,"12":8,"13":36,"14":11,"15":25,"16":30,"17":1,"18":1,"19":0,"20":30},"f":{"0":36,"1":8,"2":9,"3":30,"4":1,"5":1,"6":0,"7":30},"b":{"0":[2,0],"1":[11,25],"2":[6,19],"3":[25,2],"4":[8,17]},"_coverageSchema":"1a1c01bbd47fc00a2c39e90264f33305004495a9","hash":"c93e30f8b6b7783713dffdd717f0557f37c91ce0"}
,"/Users/ilxiii/frontend-client-application/src/components/pages/CatalogPage.tsx": {"path":"/Users/ilxiii/frontend-client-application/src/components/pages/CatalogPage.tsx","statementMap":{"0":{"start":{"line":13,"column":47},"end":{"line":21,"column":1}},"1":{"start":{"line":30,"column":20},"end":{"line":30,"column":29}},"2":{"start":{"line":31,"column":17},"end":{"line":31,"column":69}},"3":{"start":{"line":31,"column":41},"end":{"line":31,"column":68}},"4":{"start":{"line":33,"column":2},"end":{"line":117,"column":4}},"5":{"start":{"line":121,"column":2},"end":{"line":134,"column":4}},"6":{"start":{"line":138,"column":23},"end":{"line":138,"column":32}},"7":{"start":{"line":139,"column":34},"end":{"line":139,"column":57}},"8":{"start":{"line":140,"column":32},"end":{"line":140,"column":46}},"9":{"start":{"line":141,"column":28},"end":{"line":141,"column":57}},"10":{"start":{"line":142,"column":30},"end":{"line":142,"column":42}},"11":{"start":{"line":143,"column":34},"end":{"line":143,"column":50}},"12":{"start":{"line":144,"column":34},"end":{"line":144,"column":46}},"13":{"start":{"line":145,"column":34},"end":{"line":145,"column":46}},"14":{"start":{"line":146,"column":28},"end":{"line":146,"column":57}},"15":{"start":{"line":147,"column":40},"end":{"line":147,"column":88}},"16":{"start":{"line":150,"column":15},"end":{"line":150,"column":60}},"17":{"start":{"line":151,"column":4},"end":{"line":151,"column":56}},"18":{"start":{"line":151,"column":26},"end":{"line":151,"column":54}},"19":{"start":{"line":152,"column":4},"end":{"line":154,"column":12}},"20":{"start":{"line":153,"column":6},"end":{"line":153,"column":58}},"21":{"start":{"line":153,"column":28},"end":{"line":153,"column":56}},"22":{"start":{"line":153,"column":44},"end":{"line":153,"column":55}},"23":{"start":{"line":157,"column":15},"end":{"line":207,"column":3}},"24":{"start":{"line":159,"column":6},"end":{"line":159,"column":23}},"25":{"start":{"line":160,"column":6},"end":{"line":160,"column":21}},"26":{"start":{"line":161,"column":6},"end":{"line":204,"column":7}},"27":{"start":{"line":162,"column":21},"end":{"line":167,"column":10}},"28":{"start":{"line":168,"column":8},"end":{"line":168,"column":26}},"29":{"start":{"line":170,"column":8},"end":{"line":201,"column":9}},"30":{"start":{"line":172,"column":15},"end":{"line":201,"column":9}},"31":{"start":{"line":173,"column":26},"end":{"line":173,"column":37}},"32":{"start":{"line":174,"column":10},"end":{"line":194,"column":11}},"33":{"start":{"line":175,"column":12},"end":{"line":179,"column":14}},"34":{"start":{"line":176,"column":14},"end":{"line":178,"column":15}},"35":{"start":{"line":180,"column":17},"end":{"line":194,"column":11}},"36":{"start":{"line":181,"column":12},"end":{"line":191,"column":13}},"37":{"start":{"line":182,"column":14},"end":{"line":186,"column":16}},"38":{"start":{"line":183,"column":16},"end":{"line":185,"column":17}},"39":{"start":{"line":187,"column":19},"end":{"line":191,"column":13}},"40":{"start":{"line":188,"column":14},"end":{"line":188,"column":61}},"41":{"start":{"line":190,"column":14},"end":{"line":190,"column":54}},"42":{"start":{"line":192,"column":17},"end":{"line":194,"column":11}},"43":{"start":{"line":193,"column":12},"end":{"line":193,"column":36}},"44":{"start":{"line":195,"column":10},"end":{"line":195,"column":94}},"45":{"start":{"line":197,"column":10},"end":{"line":199,"column":12}},"46":{"start":{"line":200,"column":10},"end":{"line":200,"column":84}},"47":{"start":{"line":203,"column":8},"end":{"line":203,"column":26}},"48":{"start":{"line":209,"column":2},"end":{"line":211,"column":13}},"49":{"start":{"line":210,"column":4},"end":{"line":210,"column":11}},"50":{"start":{"line":214,"column":4},"end":{"line":214,"column":23}},"51":{"start":{"line":215,"column":4},"end":{"line":215,"column":47}},"52":{"start":{"line":219,"column":4},"end":{"line":219,"column":39}},"53":{"start":{"line":220,"column":4},"end":{"line":220,"column":49}},"54":{"start":{"line":221,"column":4},"end":{"line":221,"column":43}},"55":{"start":{"line":221,"column":21},"end":{"line":221,"column":35}},"56":{"start":{"line":225,"column":4},"end":{"line":225,"column":21}},"57":{"start":{"line":226,"column":4},"end":{"line":226,"column":42}},"58":{"start":{"line":230,"column":4},"end":{"line":230,"column":18}},"59":{"start":{"line":231,"column":4},"end":{"line":231,"column":24}},"60":{"start":{"line":232,"column":4},"end":{"line":232,"column":20}},"61":{"start":{"line":233,"column":4},"end":{"line":233,"column":20}},"62":{"start":{"line":234,"column":4},"end":{"line":234,"column":29}},"63":{"start":{"line":237,"column":2},"end":{"line":362,"column":4}},"64":{"start":{"line":249,"column":12},"end":{"line":252,"column":18}},"65":{"start":{"line":281,"column":37},"end":{"line":281,"column":62}},"66":{"start":{"line":291,"column":35},"end":{"line":291,"column":66}},"67":{"start":{"line":294,"column":20},"end":{"line":294,"column":48}},"68":{"start":{"line":306,"column":35},"end":{"line":306,"column":62}},"69":{"start":{"line":317,"column":35},"end":{"line":317,"column":62}},"70":{"start":{"line":345,"column":12},"end":{"line":345,"column":36}},"71":{"start":{"line":357,"column":12},"end":{"line":357,"column":77}},"72":{"start":{"line":357,"column":61},"end":{"line":357,"column":73}}},"fnMap":{"0":{"name":"ProductCard","decl":{"start":{"line":23,"column":9},"end":{"line":23,"column":20}},"loc":{"start":{"line":29,"column":3},"end":{"line":118,"column":1}},"line":29},"1":{"name":"(anonymous_1)","decl":{"start":{"line":31,"column":34},"end":{"line":31,"column":35}},"loc":{"start":{"line":31,"column":41},"end":{"line":31,"column":68}},"line":31},"2":{"name":"SkeletonCard","decl":{"start":{"line":120,"column":9},"end":{"line":120,"column":21}},"loc":{"start":{"line":120,"column":24},"end":{"line":135,"column":1}},"line":120},"3":{"name":"CatalogPage","decl":{"start":{"line":137,"column":24},"end":{"line":137,"column":35}},"loc":{"start":{"line":137,"column":38},"end":{"line":363,"column":1}},"line":137},"4":{"name":"pushErrorToast","decl":{"start":{"line":149,"column":11},"end":{"line":149,"column":25}},"loc":{"start":{"line":149,"column":55},"end":{"line":155,"column":3}},"line":149},"5":{"name":"(anonymous_5)","decl":{"start":{"line":151,"column":19},"end":{"line":151,"column":20}},"loc":{"start":{"line":151,"column":26},"end":{"line":151,"column":54}},"line":151},"6":{"name":"(anonymous_6)","decl":{"start":{"line":152,"column":15},"end":{"line":152,"column":16}},"loc":{"start":{"line":152,"column":21},"end":{"line":154,"column":5}},"line":152},"7":{"name":"(anonymous_7)","decl":{"start":{"line":153,"column":21},"end":{"line":153,"column":22}},"loc":{"start":{"line":153,"column":28},"end":{"line":153,"column":56}},"line":153},"8":{"name":"(anonymous_8)","decl":{"start":{"line":153,"column":37},"end":{"line":153,"column":38}},"loc":{"start":{"line":153,"column":44},"end":{"line":153,"column":55}},"line":153},"9":{"name":"(anonymous_9)","decl":{"start":{"line":158,"column":4},"end":{"line":158,"column":5}},"loc":{"start":{"line":158,"column":68},"end":{"line":205,"column":5}},"line":158},"10":{"name":"(anonymous_10)","decl":{"start":{"line":175,"column":28},"end":{"line":175,"column":29}},"loc":{"start":{"line":176,"column":14},"end":{"line":178,"column":15}},"line":176},"11":{"name":"(anonymous_11)","decl":{"start":{"line":182,"column":37},"end":{"line":182,"column":38}},"loc":{"start":{"line":183,"column":16},"end":{"line":185,"column":17}},"line":183},"12":{"name":"(anonymous_12)","decl":{"start":{"line":209,"column":12},"end":{"line":209,"column":13}},"loc":{"start":{"line":209,"column":18},"end":{"line":211,"column":3}},"line":209},"13":{"name":"handleSearch","decl":{"start":{"line":213,"column":11},"end":{"line":213,"column":23}},"loc":{"start":{"line":213,"column":44},"end":{"line":216,"column":3}},"line":213},"14":{"name":"handleAdd","decl":{"start":{"line":218,"column":11},"end":{"line":218,"column":20}},"loc":{"start":{"line":218,"column":39},"end":{"line":222,"column":3}},"line":218},"15":{"name":"(anonymous_15)","decl":{"start":{"line":221,"column":15},"end":{"line":221,"column":16}},"loc":{"start":{"line":221,"column":21},"end":{"line":221,"column":35}},"line":221},"16":{"name":"handleCatChange","decl":{"start":{"line":224,"column":11},"end":{"line":224,"column":26}},"loc":{"start":{"line":224,"column":40},"end":{"line":227,"column":3}},"line":224},"17":{"name":"handleReset","decl":{"start":{"line":229,"column":11},"end":{"line":229,"column":22}},"loc":{"start":{"line":229,"column":25},"end":{"line":235,"column":3}},"line":229},"18":{"name":"(anonymous_18)","decl":{"start":{"line":248,"column":27},"end":{"line":248,"column":28}},"loc":{"start":{"line":249,"column":12},"end":{"line":252,"column":18}},"line":249},"19":{"name":"(anonymous_19)","decl":{"start":{"line":281,"column":30},"end":{"line":281,"column":31}},"loc":{"start":{"line":281,"column":37},"end":{"line":281,"column":62}},"line":281},"20":{"name":"(anonymous_20)","decl":{"start":{"line":291,"column":28},"end":{"line":291,"column":29}},"loc":{"start":{"line":291,"column":35},"end":{"line":291,"column":66}},"line":291},"21":{"name":"(anonymous_21)","decl":{"start":{"line":293,"column":34},"end":{"line":293,"column":35}},"loc":{"start":{"line":294,"column":20},"end":{"line":294,"column":48}},"line":294},"22":{"name":"(anonymous_22)","decl":{"start":{"line":306,"column":28},"end":{"line":306,"column":29}},"loc":{"start":{"line":306,"column":35},"end":{"line":306,"column":62}},"line":306},"23":{"name":"(anonymous_23)","decl":{"start":{"line":317,"column":28},"end":{"line":317,"column":29}},"loc":{"start":{"line":317,"column":35},"end":{"line":317,"column":62}},"line":317},"24":{"name":"(anonymous_24)","decl":{"start":{"line":344,"column":41},"end":{"line":344,"column":42}},"loc":{"start":{"line":345,"column":12},"end":{"line":345,"column":36}},"line":345},"25":{"name":"(anonymous_25)","decl":{"start":{"line":356,"column":24},"end":{"line":356,"column":25}},"loc":{"start":{"line":357,"column":12},"end":{"line":357,"column":77}},"line":357},"26":{"name":"(anonymous_26)","decl":{"start":{"line":357,"column":55},"end":{"line":357,"column":56}},"loc":{"start":{"line":357,"column":61},"end":{"line":357,"column":73}},"line":357}},"branchMap":{"0":{"loc":{"start":{"line":49,"column":30},"end":{"line":49,"column":83}},"type":"binary-expr","locations":[{"start":{"line":49,"column":30},"end":{"line":49,"column":62}},{"start":{"line":49,"column":66},"end":{"line":49,"column":83}}],"line":49},"1":{"loc":{"start":{"line":70,"column":9},"end":{"line":74,"column":9}},"type":"binary-expr","locations":[{"start":{"line":70,"column":9},"end":{"line":70,"column":28}},{"start":{"line":71,"column":10},"end":{"line":73,"column":14}}],"line":70},"2":{"loc":{"start":{"line":76,"column":9},"end":{"line":94,"column":9}},"type":"binary-expr","locations":[{"start":{"line":76,"column":9},"end":{"line":76,"column":36}},{"start":{"line":77,"column":10},"end":{"line":93,"column":14}}],"line":76},"3":{"loc":{"start":{"line":80,"column":21},"end":{"line":80,"column":90}},"type":"cond-expr","locations":[{"start":{"line":80,"column":42},"end":{"line":80,"column":62}},{"start":{"line":80,"column":65},"end":{"line":80,"column":90}}],"line":80},"4":{"loc":{"start":{"line":84,"column":13},"end":{"line":92,"column":13}},"type":"cond-expr","locations":[{"start":{"line":85,"column":14},"end":{"line":87,"column":17}},{"start":{"line":89,"column":14},"end":{"line":91,"column":17}}],"line":84},"5":{"loc":{"start":{"line":102,"column":23},"end":{"line":102,"column":83}},"type":"cond-expr","locations":[{"start":{"line":102,"column":32},"end":{"line":102,"column":56}},{"start":{"line":102,"column":59},"end":{"line":102,"column":83}}],"line":102},"6":{"loc":{"start":{"line":104,"column":13},"end":{"line":112,"column":13}},"type":"cond-expr","locations":[{"start":{"line":105,"column":14},"end":{"line":107,"column":17}},{"start":{"line":109,"column":14},"end":{"line":111,"column":17}}],"line":104},"7":{"loc":{"start":{"line":149,"column":43},"end":{"line":149,"column":53}},"type":"default-arg","locations":[{"start":{"line":149,"column":49},"end":{"line":149,"column":53}}],"line":149},"8":{"loc":{"start":{"line":163,"column":16},"end":{"line":163,"column":30}},"type":"binary-expr","locations":[{"start":{"line":163,"column":16},"end":{"line":163,"column":17}},{"start":{"line":163,"column":21},"end":{"line":163,"column":30}}],"line":163},"9":{"loc":{"start":{"line":164,"column":20},"end":{"line":164,"column":59}},"type":"cond-expr","locations":[{"start":{"line":164,"column":44},"end":{"line":164,"column":47}},{"start":{"line":164,"column":50},"end":{"line":164,"column":59}}],"line":164},"10":{"loc":{"start":{"line":164,"column":20},"end":{"line":164,"column":41}},"type":"binary-expr","locations":[{"start":{"line":164,"column":20},"end":{"line":164,"column":23}},{"start":{"line":164,"column":27},"end":{"line":164,"column":41}}],"line":164},"11":{"loc":{"start":{"line":165,"column":20},"end":{"line":165,"column":53}},"type":"cond-expr","locations":[{"start":{"line":165,"column":26},"end":{"line":165,"column":41}},{"start":{"line":165,"column":44},"end":{"line":165,"column":53}}],"line":165},"12":{"loc":{"start":{"line":166,"column":20},"end":{"line":166,"column":53}},"type":"cond-expr","locations":[{"start":{"line":166,"column":26},"end":{"line":166,"column":41}},{"start":{"line":166,"column":44},"end":{"line":166,"column":53}}],"line":166},"13":{"loc":{"start":{"line":170,"column":8},"end":{"line":201,"column":9}},"type":"if","locations":[{"start":{"line":170,"column":8},"end":{"line":201,"column":9}},{"start":{"line":172,"column":15},"end":{"line":201,"column":9}}],"line":170},"14":{"loc":{"start":{"line":172,"column":15},"end":{"line":201,"column":9}},"type":"if","locations":[{"start":{"line":172,"column":15},"end":{"line":201,"column":9}},{"start":{"line":196,"column":15},"end":{"line":201,"column":9}}],"line":172},"15":{"loc":{"start":{"line":172,"column":19},"end":{"line":172,"column":57}},"type":"binary-expr","locations":[{"start":{"line":172,"column":19},"end":{"line":172,"column":42}},{"start":{"line":172,"column":46},"end":{"line":172,"column":57}}],"line":172},"16":{"loc":{"start":{"line":174,"column":10},"end":{"line":194,"column":11}},"type":"if","locations":[{"start":{"line":174,"column":10},"end":{"line":194,"column":11}},{"start":{"line":180,"column":17},"end":{"line":194,"column":11}}],"line":174},"17":{"loc":{"start":{"line":177,"column":19},"end":{"line":177,"column":50}},"type":"binary-expr","locations":[{"start":{"line":177,"column":19},"end":{"line":177,"column":25}},{"start":{"line":177,"column":29},"end":{"line":177,"column":39}},{"start":{"line":177,"column":43},"end":{"line":177,"column":50}}],"line":177},"18":{"loc":{"start":{"line":177,"column":55},"end":{"line":177,"column":94}},"type":"binary-expr","locations":[{"start":{"line":177,"column":55},"end":{"line":177,"column":60}},{"start":{"line":177,"column":64},"end":{"line":177,"column":73}},{"start":{"line":177,"column":77},"end":{"line":177,"column":94}}],"line":177},"19":{"loc":{"start":{"line":180,"column":17},"end":{"line":194,"column":11}},"type":"if","locations":[{"start":{"line":180,"column":17},"end":{"line":194,"column":11}},{"start":{"line":192,"column":17},"end":{"line":194,"column":11}}],"line":180},"20":{"loc":{"start":{"line":180,"column":21},"end":{"line":180,"column":59}},"type":"binary-expr","locations":[{"start":{"line":180,"column":21},"end":{"line":180,"column":28}},{"start":{"line":180,"column":32},"end":{"line":180,"column":59}}],"line":180},"21":{"loc":{"start":{"line":181,"column":12},"end":{"line":191,"column":13}},"type":"if","locations":[{"start":{"line":181,"column":12},"end":{"line":191,"column":13}},{"start":{"line":187,"column":19},"end":{"line":191,"column":13}}],"line":181},"22":{"loc":{"start":{"line":181,"column":16},"end":{"line":181,"column":63}},"type":"binary-expr","locations":[{"start":{"line":181,"column":16},"end":{"line":181,"column":30}},{"start":{"line":181,"column":34},"end":{"line":181,"column":63}}],"line":181},"23":{"loc":{"start":{"line":184,"column":21},"end":{"line":184,"column":52}},"type":"binary-expr","locations":[{"start":{"line":184,"column":21},"end":{"line":184,"column":27}},{"start":{"line":184,"column":31},"end":{"line":184,"column":41}},{"start":{"line":184,"column":45},"end":{"line":184,"column":52}}],"line":184},"24":{"loc":{"start":{"line":184,"column":57},"end":{"line":184,"column":96}},"type":"binary-expr","locations":[{"start":{"line":184,"column":57},"end":{"line":184,"column":62}},{"start":{"line":184,"column":66},"end":{"line":184,"column":75}},{"start":{"line":184,"column":79},"end":{"line":184,"column":96}}],"line":184},"25":{"loc":{"start":{"line":187,"column":19},"end":{"line":191,"column":13}},"type":"if","locations":[{"start":{"line":187,"column":19},"end":{"line":191,"column":13}},{"start":{"line":189,"column":19},"end":{"line":191,"column":13}}],"line":187},"26":{"loc":{"start":{"line":187,"column":23},"end":{"line":187,"column":53}},"type":"binary-expr","locations":[{"start":{"line":187,"column":23},"end":{"line":187,"column":34}},{"start":{"line":187,"column":38},"end":{"line":187,"column":53}}],"line":187},"27":{"loc":{"start":{"line":188,"column":29},"end":{"line":188,"column":59}},"type":"binary-expr","locations":[{"start":{"line":188,"column":29},"end":{"line":188,"column":40}},{"start":{"line":188,"column":44},"end":{"line":188,"column":59}}],"line":188},"28":{"loc":{"start":{"line":192,"column":17},"end":{"line":194,"column":11}},"type":"if","locations":[{"start":{"line":192,"column":17},"end":{"line":194,"column":11}},{"start":{},"end":{}}],"line":192},"29":{"loc":{"start":{"line":240,"column":7},"end":{"line":255,"column":7}},"type":"binary-expr","locations":[{"start":{"line":240,"column":8},"end":{"line":240,"column":13}},{"start":{"line":240,"column":17},"end":{"line":240,"column":39}},{"start":{"line":241,"column":8},"end":{"line":254,"column":14}}],"line":240},"30":{"loc":{"start":{"line":242,"column":11},"end":{"line":247,"column":11}},"type":"binary-expr","locations":[{"start":{"line":242,"column":11},"end":{"line":242,"column":16}},{"start":{"line":243,"column":12},"end":{"line":246,"column":18}}],"line":242},"31":{"loc":{"start":{"line":261,"column":36},"end":{"line":261,"column":68}},"type":"cond-expr","locations":[{"start":{"line":261,"column":60},"end":{"line":261,"column":63}},{"start":{"line":261,"column":66},"end":{"line":261,"column":68}}],"line":261},"32":{"loc":{"start":{"line":262,"column":11},"end":{"line":262,"column":43}},"type":"cond-expr","locations":[{"start":{"line":262,"column":35},"end":{"line":262,"column":38}},{"start":{"line":262,"column":41},"end":{"line":262,"column":43}}],"line":262},"33":{"loc":{"start":{"line":334,"column":7},"end":{"line":339,"column":7}},"type":"binary-expr","locations":[{"start":{"line":334,"column":7},"end":{"line":334,"column":12}},{"start":{"line":335,"column":8},"end":{"line":338,"column":14}}],"line":334},"34":{"loc":{"start":{"line":342,"column":7},"end":{"line":360,"column":7}},"type":"cond-expr","locations":[{"start":{"line":343,"column":8},"end":{"line":347,"column":14}},{"start":{"line":348,"column":10},"end":{"line":360,"column":7}}],"line":342},"35":{"loc":{"start":{"line":348,"column":10},"end":{"line":360,"column":7}},"type":"cond-expr","locations":[{"start":{"line":349,"column":8},"end":{"line":353,"column":14}},{"start":{"line":355,"column":8},"end":{"line":359,"column":14}}],"line":348}},"s":{"0":5,"1":143,"2":143,"3":32,"4":143,"5":320,"6":110,"7":108,"8":108,"9":108,"10":108,"11":108,"12":108,"13":108,"14":108,"15":108,"16":7,"17":7,"18":7,"19":7,"20":0,"21":0,"22":0,"23":108,"24":40,"25":40,"26":40,"27":40,"28":34,"29":6,"30":6,"31":6,"32":6,"33":1,"34":2,"35":5,"36":4,"37":1,"38":1,"39":3,"40":2,"41":1,"42":1,"43":1,"44":6,"45":0,"46":0,"47":40,"48":108,"49":36,"50":2,"51":2,"52":13,"53":13,"54":13,"55":0,"56":1,"57":1,"58":1,"59":1,"60":1,"61":1,"62":1,"63":108,"64":7,"65":12,"66":1,"67":864,"68":3,"69":4,"70":320,"71":143,"72":13},"f":{"0":143,"1":32,"2":320,"3":110,"4":7,"5":7,"6":0,"7":0,"8":0,"9":40,"10":2,"11":1,"12":36,"13":2,"14":13,"15":0,"16":1,"17":1,"18":7,"19":12,"20":1,"21":864,"22":3,"23":4,"24":320,"25":143,"26":13},"b":{"0":[143,0],"1":[143,1],"2":[143,64],"3":[32,32],"4":[32,32],"5":[15,128],"6":[15,128],"7":[7],"8":[40,39],"9":[1,39],"10":[40,4],"11":[1,39],"12":[1,39],"13":[0,6],"14":[6,0],"15":[6,6],"16":[1,5],"17":[2,0,0],"18":[2,0,0],"19":[4,1],"20":[5,5],"21":[1,3],"22":[4,1],"23":[1,0,0],"24":[1,0,0],"25":[2,1],"26":[3,2],"27":[2,1],"28":[1,0],"29":[108,95,19],"30":[19,13],"31":[99,9],"32":[99,9],"33":[108,6],"34":[40,68],"35":[12,56]},"_coverageSchema":"1a1c01bbd47fc00a2c39e90264f33305004495a9","hash":"2995b97a1646644bdb5f03d66c3e0097a4a93290"}
,"/Users/ilxiii/frontend-client-application/src/components/pages/OrdersPage.tsx": {"path":"/Users/ilxiii/frontend-client-application/src/components/pages/OrdersPage.tsx","statementMap":{"0":{"start":{"line":23,"column":20},"end":{"line":31,"column":1}},"1":{"start":{"line":24,"column":14},"end":{"line":28,"column":3}},"2":{"start":{"line":29,"column":25},"end":{"line":29,"column":36}},"3":{"start":{"line":30,"column":2},"end":{"line":30,"column":57}},"4":{"start":{"line":41,"column":30},"end":{"line":41,"column":45}},"5":{"start":{"line":42,"column":32},"end":{"line":42,"column":62}},"6":{"start":{"line":43,"column":28},"end":{"line":43,"column":57}},"7":{"start":{"line":44,"column":30},"end":{"line":44,"column":52}},"8":{"start":{"line":45,"column":26},"end":{"line":45,"column":41}},"9":{"start":{"line":48,"column":4},"end":{"line":89,"column":5}},"10":{"start":{"line":49,"column":6},"end":{"line":49,"column":22}},"11":{"start":{"line":50,"column":6},"end":{"line":50,"column":21}},"12":{"start":{"line":51,"column":16},"end":{"line":55,"column":8}},"13":{"start":{"line":56,"column":6},"end":{"line":56,"column":20}},"14":{"start":{"line":57,"column":24},"end":{"line":57,"column":66}},"15":{"start":{"line":58,"column":6},"end":{"line":58,"column":27}},"16":{"start":{"line":59,"column":6},"end":{"line":67,"column":7}},"17":{"start":{"line":60,"column":8},"end":{"line":63,"column":10}},"18":{"start":{"line":65,"column":8},"end":{"line":65,"column":75}},"19":{"start":{"line":66,"column":8},"end":{"line":66,"column":80}},"20":{"start":{"line":69,"column":6},"end":{"line":86,"column":7}},"21":{"start":{"line":71,"column":13},"end":{"line":86,"column":7}},"22":{"start":{"line":72,"column":23},"end":{"line":72,"column":48}},"23":{"start":{"line":73,"column":18},"end":{"line":73,"column":63}},"24":{"start":{"line":74,"column":8},"end":{"line":78,"column":9}},"25":{"start":{"line":75,"column":10},"end":{"line":75,"column":102}},"26":{"start":{"line":76,"column":15},"end":{"line":78,"column":9}},"27":{"start":{"line":77,"column":10},"end":{"line":77,"column":76}},"28":{"start":{"line":79,"column":8},"end":{"line":79,"column":22}},"29":{"start":{"line":82,"column":10},"end":{"line":84,"column":32}},"30":{"start":{"line":85,"column":8},"end":{"line":85,"column":71}},"31":{"start":{"line":88,"column":6},"end":{"line":88,"column":23}},"32":{"start":{"line":92,"column":2},"end":{"line":251,"column":4}},"33":{"start":{"line":107,"column":23},"end":{"line":107,"column":41}},"34":{"start":{"line":107,"column":38},"end":{"line":107,"column":40}},"35":{"start":{"line":157,"column":20},"end":{"line":160,"column":24}},"36":{"start":{"line":162,"column":20},"end":{"line":162,"column":72}},"37":{"start":{"line":163,"column":18},"end":{"line":174,"column":20}},"38":{"start":{"line":259,"column":20},"end":{"line":259,"column":29}},"39":{"start":{"line":260,"column":30},"end":{"line":260,"column":51}},"40":{"start":{"line":261,"column":32},"end":{"line":261,"column":46}},"41":{"start":{"line":262,"column":28},"end":{"line":262,"column":57}},"42":{"start":{"line":263,"column":38},"end":{"line":263,"column":74}},"43":{"start":{"line":265,"column":2},"end":{"line":281,"column":9}},"44":{"start":{"line":266,"column":4},"end":{"line":280,"column":40}},"45":{"start":{"line":268,"column":8},"end":{"line":268,"column":29}},"46":{"start":{"line":269,"column":44},"end":{"line":269,"column":46}},"47":{"start":{"line":270,"column":8},"end":{"line":270,"column":54}},"48":{"start":{"line":270,"column":33},"end":{"line":270,"column":51}},"49":{"start":{"line":271,"column":8},"end":{"line":271,"column":27}},"50":{"start":{"line":274,"column":8},"end":{"line":278,"column":9}},"51":{"start":{"line":275,"column":10},"end":{"line":277,"column":12}},"52":{"start":{"line":280,"column":21},"end":{"line":280,"column":38}},"53":{"start":{"line":283,"column":18},"end":{"line":283,"column":69}},"54":{"start":{"line":283,"column":39},"end":{"line":283,"column":61}},"55":{"start":{"line":284,"column":15},"end":{"line":284,"column":63}},"56":{"start":{"line":284,"column":36},"end":{"line":284,"column":55}},"57":{"start":{"line":285,"column":17},"end":{"line":285,"column":67}},"58":{"start":{"line":285,"column":38},"end":{"line":285,"column":59}},"59":{"start":{"line":287,"column":2},"end":{"line":348,"column":4}},"60":{"start":{"line":303,"column":12},"end":{"line":306,"column":18}},"61":{"start":{"line":321,"column":12},"end":{"line":325,"column":18}},"62":{"start":{"line":337,"column":12},"end":{"line":343,"column":14}}},"fnMap":{"0":{"name":"(anonymous_0)","decl":{"start":{"line":23,"column":20},"end":{"line":23,"column":21}},"loc":{"start":{"line":23,"column":65},"end":{"line":31,"column":1}},"line":23},"1":{"name":"OrderRow","decl":{"start":{"line":40,"column":9},"end":{"line":40,"column":17}},"loc":{"start":{"line":40,"column":71},"end":{"line":252,"column":1}},"line":40},"2":{"name":"handlePay","decl":{"start":{"line":47,"column":17},"end":{"line":47,"column":26}},"loc":{"start":{"line":47,"column":29},"end":{"line":90,"column":3}},"line":47},"3":{"name":"(anonymous_3)","decl":{"start":{"line":107,"column":17},"end":{"line":107,"column":18}},"loc":{"start":{"line":107,"column":23},"end":{"line":107,"column":41}},"line":107},"4":{"name":"(anonymous_4)","decl":{"start":{"line":107,"column":31},"end":{"line":107,"column":32}},"loc":{"start":{"line":107,"column":38},"end":{"line":107,"column":40}},"line":107},"5":{"name":"(anonymous_5)","decl":{"start":{"line":155,"column":36},"end":{"line":155,"column":37}},"loc":{"start":{"line":155,"column":46},"end":{"line":175,"column":17}},"line":155},"6":{"name":"OrdersPage","decl":{"start":{"line":258,"column":24},"end":{"line":258,"column":34}},"loc":{"start":{"line":258,"column":64},"end":{"line":349,"column":1}},"line":258},"7":{"name":"(anonymous_7)","decl":{"start":{"line":265,"column":12},"end":{"line":265,"column":13}},"loc":{"start":{"line":265,"column":18},"end":{"line":281,"column":3}},"line":265},"8":{"name":"(anonymous_8)","decl":{"start":{"line":267,"column":12},"end":{"line":267,"column":13}},"loc":{"start":{"line":267,"column":39},"end":{"line":272,"column":7}},"line":267},"9":{"name":"(anonymous_9)","decl":{"start":{"line":270,"column":25},"end":{"line":270,"column":26}},"loc":{"start":{"line":270,"column":33},"end":{"line":270,"column":51}},"line":270},"10":{"name":"(anonymous_10)","decl":{"start":{"line":273,"column":13},"end":{"line":273,"column":14}},"loc":{"start":{"line":273,"column":22},"end":{"line":279,"column":7}},"line":273},"11":{"name":"(anonymous_11)","decl":{"start":{"line":280,"column":15},"end":{"line":280,"column":16}},"loc":{"start":{"line":280,"column":21},"end":{"line":280,"column":38}},"line":280},"12":{"name":"(anonymous_12)","decl":{"start":{"line":283,"column":32},"end":{"line":283,"column":33}},"loc":{"start":{"line":283,"column":39},"end":{"line":283,"column":61}},"line":283},"13":{"name":"(anonymous_13)","decl":{"start":{"line":284,"column":29},"end":{"line":284,"column":30}},"loc":{"start":{"line":284,"column":36},"end":{"line":284,"column":55}},"line":284},"14":{"name":"(anonymous_14)","decl":{"start":{"line":285,"column":31},"end":{"line":285,"column":32}},"loc":{"start":{"line":285,"column":38},"end":{"line":285,"column":59}},"line":285},"15":{"name":"(anonymous_15)","decl":{"start":{"line":302,"column":16},"end":{"line":302,"column":17}},"loc":{"start":{"line":303,"column":12},"end":{"line":306,"column":18}},"line":303},"16":{"name":"(anonymous_16)","decl":{"start":{"line":320,"column":25},"end":{"line":320,"column":26}},"loc":{"start":{"line":321,"column":12},"end":{"line":325,"column":18}},"line":321},"17":{"name":"(anonymous_17)","decl":{"start":{"line":336,"column":22},"end":{"line":336,"column":23}},"loc":{"start":{"line":337,"column":12},"end":{"line":343,"column":14}},"line":337}},"branchMap":{"0":{"loc":{"start":{"line":57,"column":24},"end":{"line":57,"column":66}},"type":"cond-expr","locations":[{"start":{"line":57,"column":49},"end":{"line":57,"column":55}},{"start":{"line":57,"column":58},"end":{"line":57,"column":66}}],"line":57},"1":{"loc":{"start":{"line":69,"column":6},"end":{"line":86,"column":7}},"type":"if","locations":[{"start":{"line":69,"column":6},"end":{"line":86,"column":7}},{"start":{"line":71,"column":13},"end":{"line":86,"column":7}}],"line":69},"2":{"loc":{"start":{"line":71,"column":13},"end":{"line":86,"column":7}},"type":"if","locations":[{"start":{"line":71,"column":13},"end":{"line":86,"column":7}},{"start":{"line":80,"column":13},"end":{"line":86,"column":7}}],"line":71},"3":{"loc":{"start":{"line":71,"column":17},"end":{"line":71,"column":62}},"type":"binary-expr","locations":[{"start":{"line":71,"column":17},"end":{"line":71,"column":40}},{"start":{"line":71,"column":44},"end":{"line":71,"column":62}}],"line":71},"4":{"loc":{"start":{"line":72,"column":23},"end":{"line":72,"column":48}},"type":"binary-expr","locations":[{"start":{"line":72,"column":23},"end":{"line":72,"column":42}},{"start":{"line":72,"column":46},"end":{"line":72,"column":48}}],"line":72},"5":{"loc":{"start":{"line":74,"column":8},"end":{"line":78,"column":9}},"type":"if","locations":[{"start":{"line":74,"column":8},"end":{"line":78,"column":9}},{"start":{"line":76,"column":15},"end":{"line":78,"column":9}}],"line":74},"6":{"loc":{"start":{"line":76,"column":15},"end":{"line":78,"column":9}},"type":"if","locations":[{"start":{"line":76,"column":15},"end":{"line":78,"column":9}},{"start":{},"end":{}}],"line":76},"7":{"loc":{"start":{"line":82,"column":10},"end":{"line":84,"column":32}},"type":"cond-expr","locations":[{"start":{"line":83,"column":14},"end":{"line":83,"column":29}},{"start":{"line":84,"column":14},"end":{"line":84,"column":32}}],"line":82},"8":{"loc":{"start":{"line":82,"column":10},"end":{"line":82,"column":81}},"type":"binary-expr","locations":[{"start":{"line":82,"column":10},"end":{"line":82,"column":39}},{"start":{"line":82,"column":43},"end":{"line":82,"column":81}}],"line":82},"9":{"loc":{"start":{"line":96,"column":20},"end":{"line":96,"column":66}},"type":"cond-expr","locations":[{"start":{"line":96,"column":28},"end":{"line":96,"column":54}},{"start":{"line":96,"column":57},"end":{"line":96,"column":66}}],"line":96},"10":{"loc":{"start":{"line":110,"column":11},"end":{"line":110,"column":73}},"type":"binary-expr","locations":[{"start":{"line":110,"column":11},"end":{"line":110,"column":16}},{"start":{"line":110,"column":20},"end":{"line":110,"column":73}}],"line":110},"11":{"loc":{"start":{"line":126,"column":7},"end":{"line":249,"column":7}},"type":"binary-expr","locations":[{"start":{"line":126,"column":7},"end":{"line":126,"column":11}},{"start":{"line":127,"column":8},"end":{"line":248,"column":14}}],"line":126},"12":{"loc":{"start":{"line":157,"column":20},"end":{"line":160,"column":24}},"type":"binary-expr","locations":[{"start":{"line":157,"column":20},"end":{"line":157,"column":41}},{"start":{"line":158,"column":20},"end":{"line":158,"column":40}},{"start":{"line":159,"column":20},"end":{"line":159,"column":27}},{"start":{"line":160,"column":20},"end":{"line":160,"column":24}}],"line":157},"13":{"loc":{"start":{"line":162,"column":20},"end":{"line":162,"column":72}},"type":"binary-expr","locations":[{"start":{"line":162,"column":20},"end":{"line":162,"column":26}},{"start":{"line":162,"column":30},"end":{"line":162,"column":56}},{"start":{"line":162,"column":60},"end":{"line":162,"column":72}}],"line":162},"14":{"loc":{"start":{"line":168,"column":25},"end":{"line":168,"column":65}},"type":"cond-expr","locations":[{"start":{"line":168,"column":45},"end":{"line":168,"column":59}},{"start":{"line":168,"column":62},"end":{"line":168,"column":65}}],"line":168},"15":{"loc":{"start":{"line":171,"column":25},"end":{"line":171,"column":78}},"type":"cond-expr","locations":[{"start":{"line":171,"column":45},"end":{"line":171,"column":72}},{"start":{"line":171,"column":75},"end":{"line":171,"column":78}}],"line":171},"16":{"loc":{"start":{"line":196,"column":11},"end":{"line":227,"column":18}},"type":"cond-expr","locations":[{"start":{"line":197,"column":12},"end":{"line":221,"column":18}},{"start":{"line":222,"column":14},"end":{"line":227,"column":18}}],"line":196},"17":{"loc":{"start":{"line":199,"column":16},"end":{"line":199,"column":79}},"type":"cond-expr","locations":[{"start":{"line":199,"column":47},"end":{"line":199,"column":62}},{"start":{"line":199,"column":65},"end":{"line":199,"column":79}}],"line":199},"18":{"loc":{"start":{"line":202,"column":15},"end":{"line":206,"column":15}},"type":"cond-expr","locations":[{"start":{"line":203,"column":16},"end":{"line":203,"column":39}},{"start":{"line":205,"column":16},"end":{"line":205,"column":39}}],"line":202},"19":{"loc":{"start":{"line":209,"column":19},"end":{"line":211,"column":39}},"type":"cond-expr","locations":[{"start":{"line":210,"column":22},"end":{"line":210,"column":40}},{"start":{"line":211,"column":22},"end":{"line":211,"column":39}}],"line":209},"20":{"loc":{"start":{"line":222,"column":14},"end":{"line":227,"column":18}},"type":"cond-expr","locations":[{"start":{"line":223,"column":12},"end":{"line":226,"column":18}},{"start":{"line":227,"column":14},"end":{"line":227,"column":18}}],"line":222},"21":{"loc":{"start":{"line":229,"column":11},"end":{"line":247,"column":11}},"type":"binary-expr","locations":[{"start":{"line":229,"column":11},"end":{"line":229,"column":31}},{"start":{"line":229,"column":35},"end":{"line":229,"column":43}},{"start":{"line":230,"column":12},"end":{"line":246,"column":21}}],"line":229},"22":{"loc":{"start":{"line":235,"column":15},"end":{"line":245,"column":15}},"type":"cond-expr","locations":[{"start":{"line":236,"column":16},"end":{"line":239,"column":19}},{"start":{"line":241,"column":16},"end":{"line":244,"column":19}}],"line":235},"23":{"loc":{"start":{"line":274,"column":8},"end":{"line":278,"column":9}},"type":"if","locations":[{"start":{"line":274,"column":8},"end":{"line":278,"column":9}},{"start":{},"end":{}}],"line":274},"24":{"loc":{"start":{"line":292,"column":35},"end":{"line":292,"column":65}},"type":"cond-expr","locations":[{"start":{"line":292,"column":57},"end":{"line":292,"column":60}},{"start":{"line":292,"column":63},"end":{"line":292,"column":65}}],"line":292},"25":{"loc":{"start":{"line":296,"column":7},"end":{"line":309,"column":7}},"type":"binary-expr","locations":[{"start":{"line":296,"column":7},"end":{"line":296,"column":24}},{"start":{"line":297,"column":8},"end":{"line":308,"column":14}}],"line":296},"26":{"loc":{"start":{"line":311,"column":7},"end":{"line":316,"column":7}},"type":"binary-expr","locations":[{"start":{"line":311,"column":7},"end":{"line":311,"column":12}},{"start":{"line":312,"column":8},"end":{"line":315,"column":14}}],"line":311},"27":{"loc":{"start":{"line":318,"column":7},"end":{"line":346,"column":7}},"type":"cond-expr","locations":[{"start":{"line":319,"column":8},"end":{"line":327,"column":14}},{"start":{"line":328,"column":10},"end":{"line":346,"column":7}}],"line":318},"28":{"loc":{"start":{"line":328,"column":10},"end":{"line":346,"column":7}},"type":"cond-expr","locations":[{"start":{"line":329,"column":8},"end":{"line":333,"column":14}},{"start":{"line":335,"column":8},"end":{"line":345,"column":14}}],"line":328}},"s":{"0":5,"1":40,"2":40,"3":40,"4":40,"5":40,"6":40,"7":40,"8":40,"9":8,"10":8,"11":8,"12":8,"13":3,"14":3,"15":3,"16":3,"17":3,"18":0,"19":0,"20":5,"21":5,"22":3,"23":3,"24":3,"25":1,"26":2,"27":1,"28":3,"29":2,"30":2,"31":8,"32":40,"33":2,"34":2,"35":30,"36":30,"37":30,"38":37,"39":37,"40":37,"41":37,"42":37,"43":37,"44":19,"45":17,"46":17,"47":17,"48":37,"49":17,"50":2,"51":2,"52":19,"53":37,"54":22,"55":37,"56":22,"57":37,"58":22,"59":37,"60":42,"61":57,"62":22},"f":{"0":40,"1":40,"2":8,"3":2,"4":2,"5":30,"6":37,"7":19,"8":17,"9":37,"10":2,"11":19,"12":22,"13":22,"14":22,"15":42,"16":57,"17":22},"b":{"0":[3,0],"1":[0,5],"2":[3,2],"3":[5,5],"4":[3,0],"5":[1,2],"6":[1,1],"7":[0,2],"8":[2,2],"9":[24,16],"10":[40,24],"11":[40,28],"12":[30,26,26,6],"13":[30,10,0],"14":[24,6],"15":[24,6],"16":[3,25],"17":[3,0],"18":[3,0],"19":[3,0],"20":[5,20],"21":[28,24,24],"22":[8,16],"23":[2,0],"24":[27,10],"25":[37,14],"26":[37,2],"27":[19,18],"28":[4,14]},"_coverageSchema":"1a1c01bbd47fc00a2c39e90264f33305004495a9","hash":"268ce19257c04b6cfa75b8ff2e1eb5803937ac1b"}
,"/Users/ilxiii/frontend-client-application/src/components/pages/PaymentPage.tsx": {"path":"/Users/ilxiii/frontend-client-application/src/components/pages/PaymentPage.tsx","statementMap":{"0":{"start":{"line":13,"column":34},"end":{"line":13,"column":57}},"1":{"start":{"line":14,"column":32},"end":{"line":14,"column":46}},"2":{"start":{"line":15,"column":28},"end":{"line":15,"column":57}},"3":{"start":{"line":17,"column":2},"end":{"line":34,"column":9}},"4":{"start":{"line":18,"column":4},"end":{"line":33,"column":40}},"5":{"start":{"line":22,"column":8},"end":{"line":31,"column":9}},"6":{"start":{"line":24,"column":12},"end":{"line":27,"column":34}},"7":{"start":{"line":28,"column":10},"end":{"line":30,"column":12}},"8":{"start":{"line":33,"column":21},"end":{"line":33,"column":38}},"9":{"start":{"line":36,"column":18},"end":{"line":36,"column":64}},"10":{"start":{"line":36,"column":41},"end":{"line":36,"column":63}},"11":{"start":{"line":37,"column":17},"end":{"line":37,"column":62}},"12":{"start":{"line":37,"column":40},"end":{"line":37,"column":61}},"13":{"start":{"line":38,"column":17},"end":{"line":38,"column":58}},"14":{"start":{"line":38,"column":42},"end":{"line":38,"column":54}},"15":{"start":{"line":40,"column":4},"end":{"line":42,"column":9}},"16":{"start":{"line":44,"column":2},"end":{"line":185,"column":4}},"17":{"start":{"line":92,"column":12},"end":{"line":101,"column":18}},"18":{"start":{"line":117,"column":14},"end":{"line":117,"column":73}},"19":{"start":{"line":147,"column":18},"end":{"line":170,"column":23}}},"fnMap":{"0":{"name":"PaymentPage","decl":{"start":{"line":12,"column":24},"end":{"line":12,"column":35}},"loc":{"start":{"line":12,"column":38},"end":{"line":186,"column":1}},"line":12},"1":{"name":"(anonymous_1)","decl":{"start":{"line":17,"column":12},"end":{"line":17,"column":13}},"loc":{"start":{"line":17,"column":18},"end":{"line":34,"column":3}},"line":17},"2":{"name":"(anonymous_2)","decl":{"start":{"line":21,"column":13},"end":{"line":21,"column":14}},"loc":{"start":{"line":21,"column":22},"end":{"line":32,"column":7}},"line":21},"3":{"name":"(anonymous_3)","decl":{"start":{"line":33,"column":15},"end":{"line":33,"column":16}},"loc":{"start":{"line":33,"column":21},"end":{"line":33,"column":38}},"line":33},"4":{"name":"(anonymous_4)","decl":{"start":{"line":36,"column":34},"end":{"line":36,"column":35}},"loc":{"start":{"line":36,"column":41},"end":{"line":36,"column":63}},"line":36},"5":{"name":"(anonymous_5)","decl":{"start":{"line":37,"column":33},"end":{"line":37,"column":34}},"loc":{"start":{"line":37,"column":40},"end":{"line":37,"column":61}},"line":37},"6":{"name":"(anonymous_6)","decl":{"start":{"line":38,"column":32},"end":{"line":38,"column":33}},"loc":{"start":{"line":38,"column":42},"end":{"line":38,"column":54}},"line":38},"7":{"name":"(anonymous_7)","decl":{"start":{"line":91,"column":16},"end":{"line":91,"column":17}},"loc":{"start":{"line":92,"column":12},"end":{"line":101,"column":18}},"line":92},"8":{"name":"(anonymous_8)","decl":{"start":{"line":116,"column":30},"end":{"line":116,"column":31}},"loc":{"start":{"line":117,"column":14},"end":{"line":117,"column":73}},"line":117},"9":{"name":"(anonymous_9)","decl":{"start":{"line":146,"column":30},"end":{"line":146,"column":31}},"loc":{"start":{"line":147,"column":18},"end":{"line":170,"column":23}},"line":147}},"branchMap":{"0":{"loc":{"start":{"line":22,"column":8},"end":{"line":31,"column":9}},"type":"if","locations":[{"start":{"line":22,"column":8},"end":{"line":31,"column":9}},{"start":{},"end":{}}],"line":22},"1":{"loc":{"start":{"line":24,"column":12},"end":{"line":27,"column":34}},"type":"cond-expr","locations":[{"start":{"line":26,"column":16},"end":{"line":26,"column":31}},{"start":{"line":27,"column":16},"end":{"line":27,"column":34}}],"line":24},"2":{"loc":{"start":{"line":24,"column":12},"end":{"line":25,"column":50}},"type":"binary-expr","locations":[{"start":{"line":24,"column":12},"end":{"line":24,"column":41}},{"start":{"line":25,"column":12},"end":{"line":25,"column":50}}],"line":24},"3":{"loc":{"start":{"line":40,"column":4},"end":{"line":42,"column":9}},"type":"cond-expr","locations":[{"start":{"line":41,"column":8},"end":{"line":41,"column":60}},{"start":{"line":42,"column":8},"end":{"line":42,"column":9}}],"line":40},"4":{"loc":{"start":{"line":49,"column":40},"end":{"line":49,"column":72}},"type":"cond-expr","locations":[{"start":{"line":49,"column":64},"end":{"line":49,"column":67}},{"start":{"line":49,"column":70},"end":{"line":49,"column":72}}],"line":49},"5":{"loc":{"start":{"line":64,"column":7},"end":{"line":104,"column":7}},"type":"binary-expr","locations":[{"start":{"line":64,"column":7},"end":{"line":64,"column":26}},{"start":{"line":65,"column":8},"end":{"line":103,"column":14}}],"line":64},"6":{"loc":{"start":{"line":96,"column":35},"end":{"line":96,"column":86}},"type":"cond-expr","locations":[{"start":{"line":96,"column":65},"end":{"line":96,"column":74}},{"start":{"line":96,"column":77},"end":{"line":96,"column":86}}],"line":96},"7":{"loc":{"start":{"line":106,"column":7},"end":{"line":111,"column":7}},"type":"binary-expr","locations":[{"start":{"line":106,"column":7},"end":{"line":106,"column":12}},{"start":{"line":107,"column":8},"end":{"line":110,"column":14}}],"line":106},"8":{"loc":{"start":{"line":113,"column":7},"end":{"line":183,"column":7}},"type":"cond-expr","locations":[{"start":{"line":114,"column":8},"end":{"line":120,"column":14}},{"start":{"line":121,"column":10},"end":{"line":183,"column":7}}],"line":113},"9":{"loc":{"start":{"line":121,"column":10},"end":{"line":183,"column":7}},"type":"cond-expr","locations":[{"start":{"line":122,"column":8},"end":{"line":126,"column":14}},{"start":{"line":128,"column":8},"end":{"line":182,"column":14}}],"line":121},"10":{"loc":{"start":{"line":160,"column":23},"end":{"line":168,"column":23}},"type":"cond-expr","locations":[{"start":{"line":161,"column":24},"end":{"line":163,"column":31}},{"start":{"line":165,"column":24},"end":{"line":167,"column":31}}],"line":160}},"s":{"0":17,"1":16,"2":16,"3":16,"4":9,"5":1,"6":1,"7":1,"8":9,"9":16,"10":12,"11":16,"12":12,"13":16,"14":8,"15":16,"16":16,"17":16,"18":36,"19":12},"f":{"0":17,"1":9,"2":1,"3":9,"4":12,"5":12,"6":8,"7":16,"8":36,"9":12},"b":{"0":[1,0],"1":[0,1],"2":[1,1],"3":[4,12],"4":[16,0],"5":[16,4],"6":[4,12],"7":[16,1],"8":[9,7],"9":[3,4],"10":[8,4]},"_coverageSchema":"1a1c01bbd47fc00a2c39e90264f33305004495a9","hash":"8649cd9658a7862e5d1d08e47e3887f010e8c921"}
,"/Users/ilxiii/frontend-client-application/src/lib/api.ts": {"path":"/Users/ilxiii/frontend-client-application/src/lib/api.ts","statementMap":{"0":{"start":{"line":21,"column":4},"end":{"line":21,"column":76}},"1":{"start":{"line":22,"column":4},"end":{"line":22,"column":27}},"2":{"start":{"line":23,"column":4},"end":{"line":23,"column":25}},"3":{"start":{"line":24,"column":4},"end":{"line":24,"column":27}},"4":{"start":{"line":29,"column":2},"end":{"line":29,"column":55}},"5":{"start":{"line":34,"column":30},"end":{"line":94,"column":1}},"6":{"start":{"line":43,"column":19},"end":{"line":43,"column":40}},"7":{"start":{"line":44,"column":4},"end":{"line":44,"column":56}},"8":{"start":{"line":44,"column":23},"end":{"line":44,"column":56}},"9":{"start":{"line":45,"column":4},"end":{"line":45,"column":68}},"10":{"start":{"line":45,"column":27},"end":{"line":45,"column":68}},"11":{"start":{"line":46,"column":4},"end":{"line":47,"column":55}},"12":{"start":{"line":47,"column":6},"end":{"line":47,"column":55}},"13":{"start":{"line":48,"column":4},"end":{"line":49,"column":55}},"14":{"start":{"line":49,"column":6},"end":{"line":49,"column":55}},"15":{"start":{"line":52,"column":16},"end":{"line":55,"column":5}},"16":{"start":{"line":56,"column":4},"end":{"line":65,"column":5}},"17":{"start":{"line":57,"column":19},"end":{"line":57,"column":56}},"18":{"start":{"line":58,"column":6},"end":{"line":59,"column":78}},"19":{"start":{"line":59,"column":8},"end":{"line":59,"column":78}},"20":{"start":{"line":60,"column":6},"end":{"line":60,"column":31}},"21":{"start":{"line":63,"column":6},"end":{"line":63,"column":74}},"22":{"start":{"line":64,"column":6},"end":{"line":64,"column":16}},"23":{"start":{"line":68,"column":16},"end":{"line":68,"column":35}},"24":{"start":{"line":69,"column":4},"end":{"line":80,"column":5}},"25":{"start":{"line":70,"column":19},"end":{"line":74,"column":8}},"26":{"start":{"line":75,"column":6},"end":{"line":75,"column":29}},"27":{"start":{"line":78,"column":6},"end":{"line":78,"column":53}},"28":{"start":{"line":79,"column":6},"end":{"line":79,"column":16}},"29":{"start":{"line":84,"column":16},"end":{"line":84,"column":65}},"30":{"start":{"line":85,"column":4},"end":{"line":92,"column":5}},"31":{"start":{"line":86,"column":6},"end":{"line":86,"column":47}},"32":{"start":{"line":87,"column":6},"end":{"line":87,"column":13}},"33":{"start":{"line":90,"column":6},"end":{"line":90,"column":53}},"34":{"start":{"line":91,"column":6},"end":{"line":91,"column":16}},"35":{"start":{"line":98,"column":28},"end":{"line":155,"column":1}},"36":{"start":{"line":100,"column":16},"end":{"line":100,"column":38}},"37":{"start":{"line":101,"column":4},"end":{"line":112,"column":5}},"38":{"start":{"line":102,"column":19},"end":{"line":106,"column":8}},"39":{"start":{"line":107,"column":6},"end":{"line":107,"column":27}},"40":{"start":{"line":110,"column":6},"end":{"line":110,"column":51}},"41":{"start":{"line":111,"column":6},"end":{"line":111,"column":16}},"42":{"start":{"line":116,"column":16},"end":{"line":116,"column":38}},"43":{"start":{"line":117,"column":4},"end":{"line":124,"column":5}},"44":{"start":{"line":118,"column":19},"end":{"line":118,"column":56}},"45":{"start":{"line":119,"column":6},"end":{"line":119,"column":29}},"46":{"start":{"line":122,"column":6},"end":{"line":122,"column":51}},"47":{"start":{"line":123,"column":6},"end":{"line":123,"column":16}},"48":{"start":{"line":128,"column":16},"end":{"line":128,"column":64}},"49":{"start":{"line":129,"column":4},"end":{"line":136,"column":5}},"50":{"start":{"line":130,"column":19},"end":{"line":130,"column":56}},"51":{"start":{"line":131,"column":6},"end":{"line":131,"column":27}},"52":{"start":{"line":134,"column":6},"end":{"line":134,"column":50}},"53":{"start":{"line":135,"column":6},"end":{"line":135,"column":16}},"54":{"start":{"line":141,"column":16},"end":{"line":141,"column":64}},"55":{"start":{"line":142,"column":4},"end":{"line":153,"column":5}},"56":{"start":{"line":143,"column":19},"end":{"line":147,"column":8}},"57":{"start":{"line":148,"column":6},"end":{"line":148,"column":27}},"58":{"start":{"line":151,"column":6},"end":{"line":151,"column":58}},"59":{"start":{"line":152,"column":6},"end":{"line":152,"column":16}},"60":{"start":{"line":159,"column":30},"end":{"line":231,"column":1}},"61":{"start":{"line":161,"column":16},"end":{"line":161,"column":39}},"62":{"start":{"line":163,"column":17},"end":{"line":167,"column":5}},"63":{"start":{"line":169,"column":4},"end":{"line":190,"column":5}},"64":{"start":{"line":170,"column":21},"end":{"line":174,"column":8}},"65":{"start":{"line":177,"column":31},"end":{"line":184,"column":7}},"66":{"start":{"line":185,"column":6},"end":{"line":185,"column":21}},"67":{"start":{"line":188,"column":6},"end":{"line":188,"column":53}},"68":{"start":{"line":189,"column":6},"end":{"line":189,"column":16}},"69":{"start":{"line":194,"column":16},"end":{"line":194,"column":39}},"70":{"start":{"line":195,"column":4},"end":{"line":210,"column":5}},"71":{"start":{"line":196,"column":21},"end":{"line":196,"column":58}},"72":{"start":{"line":197,"column":20},"end":{"line":197,"column":55}},"73":{"start":{"line":198,"column":6},"end":{"line":205,"column":10}},"74":{"start":{"line":198,"column":36},"end":{"line":205,"column":7}},"75":{"start":{"line":208,"column":6},"end":{"line":208,"column":53}},"76":{"start":{"line":209,"column":6},"end":{"line":209,"column":16}},"77":{"start":{"line":214,"column":16},"end":{"line":214,"column":65}},"78":{"start":{"line":215,"column":4},"end":{"line":229,"column":5}},"79":{"start":{"line":216,"column":16},"end":{"line":216,"column":53}},"80":{"start":{"line":217,"column":6},"end":{"line":224,"column":19}},"81":{"start":{"line":227,"column":6},"end":{"line":227,"column":52}},"82":{"start":{"line":228,"column":6},"end":{"line":228,"column":16}}},"fnMap":{"0":{"name":"(anonymous_0)","decl":{"start":{"line":20,"column":2},"end":{"line":20,"column":3}},"loc":{"start":{"line":20,"column":62},"end":{"line":25,"column":3}},"line":20},"1":{"name":"isRateLimitError","decl":{"start":{"line":28,"column":16},"end":{"line":28,"column":32}},"loc":{"start":{"line":28,"column":56},"end":{"line":30,"column":1}},"line":28},"2":{"name":"(anonymous_2)","decl":{"start":{"line":35,"column":2},"end":{"line":35,"column":3}},"loc":{"start":{"line":40,"column":25},"end":{"line":66,"column":3}},"line":40},"3":{"name":"(anonymous_3)","decl":{"start":{"line":67,"column":2},"end":{"line":67,"column":3}},"loc":{"start":{"line":67,"column":71},"end":{"line":81,"column":3}},"line":67},"4":{"name":"(anonymous_4)","decl":{"start":{"line":83,"column":2},"end":{"line":83,"column":3}},"loc":{"start":{"line":83,"column":49},"end":{"line":93,"column":3}},"line":83},"5":{"name":"(anonymous_5)","decl":{"start":{"line":99,"column":2},"end":{"line":99,"column":3}},"loc":{"start":{"line":99,"column":65},"end":{"line":113,"column":3}},"line":99},"6":{"name":"(anonymous_6)","decl":{"start":{"line":115,"column":2},"end":{"line":115,"column":3}},"loc":{"start":{"line":115,"column":38},"end":{"line":125,"column":3}},"line":115},"7":{"name":"(anonymous_7)","decl":{"start":{"line":127,"column":2},"end":{"line":127,"column":3}},"loc":{"start":{"line":127,"column":45},"end":{"line":137,"column":3}},"line":127},"8":{"name":"(anonymous_8)","decl":{"start":{"line":139,"column":2},"end":{"line":139,"column":3}},"loc":{"start":{"line":139,"column":79},"end":{"line":154,"column":3}},"line":139},"9":{"name":"(anonymous_9)","decl":{"start":{"line":160,"column":2},"end":{"line":160,"column":3}},"loc":{"start":{"line":160,"column":71},"end":{"line":191,"column":3}},"line":160},"10":{"name":"(anonymous_10)","decl":{"start":{"line":193,"column":2},"end":{"line":193,"column":3}},"loc":{"start":{"line":193,"column":42},"end":{"line":211,"column":3}},"line":193},"11":{"name":"(anonymous_11)","decl":{"start":{"line":198,"column":23},"end":{"line":198,"column":24}},"loc":{"start":{"line":198,"column":36},"end":{"line":205,"column":7}},"line":198},"12":{"name":"(anonymous_12)","decl":{"start":{"line":213,"column":2},"end":{"line":213,"column":3}},"loc":{"start":{"line":213,"column":49},"end":{"line":230,"column":3}},"line":213}},"branchMap":{"0":{"loc":{"start":{"line":21,"column":10},"end":{"line":21,"column":74}},"type":"binary-expr","locations":[{"start":{"line":21,"column":10},"end":{"line":21,"column":17}},{"start":{"line":21,"column":22},"end":{"line":21,"column":29}},{"start":{"line":21,"column":33},"end":{"line":21,"column":48}},{"start":{"line":21,"column":53},"end":{"line":21,"column":74}}],"line":21},"1":{"loc":{"start":{"line":29,"column":9},"end":{"line":29,"column":54}},"type":"binary-expr","locations":[{"start":{"line":29,"column":9},"end":{"line":29,"column":32}},{"start":{"line":29,"column":36},"end":{"line":29,"column":54}}],"line":29},"2":{"loc":{"start":{"line":44,"column":4},"end":{"line":44,"column":56}},"type":"if","locations":[{"start":{"line":44,"column":4},"end":{"line":44,"column":56}},{"start":{},"end":{}}],"line":44},"3":{"loc":{"start":{"line":45,"column":4},"end":{"line":45,"column":68}},"type":"if","locations":[{"start":{"line":45,"column":4},"end":{"line":45,"column":68}},{"start":{},"end":{}}],"line":45},"4":{"loc":{"start":{"line":46,"column":4},"end":{"line":47,"column":55}},"type":"if","locations":[{"start":{"line":46,"column":4},"end":{"line":47,"column":55}},{"start":{},"end":{}}],"line":46},"5":{"loc":{"start":{"line":48,"column":4},"end":{"line":49,"column":55}},"type":"if","locations":[{"start":{"line":48,"column":4},"end":{"line":49,"column":55}},{"start":{},"end":{}}],"line":48},"6":{"loc":{"start":{"line":54,"column":9},"end":{"line":54,"column":57}},"type":"cond-expr","locations":[{"start":{"line":54,"column":29},"end":{"line":54,"column":52}},{"start":{"line":54,"column":55},"end":{"line":54,"column":57}}],"line":54},"7":{"loc":{"start":{"line":58,"column":6},"end":{"line":59,"column":78}},"type":"if","locations":[{"start":{"line":58,"column":6},"end":{"line":59,"column":78}},{"start":{},"end":{}}],"line":58},"8":{"loc":{"start":{"line":164,"column":15},"end":{"line":164,"column":68}},"type":"binary-expr","locations":[{"start":{"line":164,"column":15},"end":{"line":164,"column":40}},{"start":{"line":164,"column":44},"end":{"line":164,"column":68}}],"line":164},"9":{"loc":{"start":{"line":165,"column":14},"end":{"line":165,"column":65}},"type":"binary-expr","locations":[{"start":{"line":165,"column":14},"end":{"line":165,"column":38}},{"start":{"line":165,"column":42},"end":{"line":165,"column":65}}],"line":165},"10":{"loc":{"start":{"line":179,"column":18},"end":{"line":179,"column":51}},"type":"binary-expr","locations":[{"start":{"line":179,"column":18},"end":{"line":179,"column":32}},{"start":{"line":179,"column":36},"end":{"line":179,"column":51}}],"line":179},"11":{"loc":{"start":{"line":180,"column":17},"end":{"line":180,"column":48}},"type":"binary-expr","locations":[{"start":{"line":180,"column":17},"end":{"line":180,"column":30}},{"start":{"line":180,"column":34},"end":{"line":180,"column":48}}],"line":180},"12":{"loc":{"start":{"line":183,"column":20},"end":{"line":183,"column":57}},"type":"binary-expr","locations":[{"start":{"line":183,"column":20},"end":{"line":183,"column":36}},{"start":{"line":183,"column":40},"end":{"line":183,"column":57}}],"line":183},"13":{"loc":{"start":{"line":197,"column":20},"end":{"line"
[...]
,"/Users/ilxiii/frontend-client-application/src/lib/formatters.ts": {"path":"/Users/ilxiii/frontend-client-application/src/lib/formatters.ts","statementMap":{"0":{"start":{"line":2,"column":2},"end":{"line":5,"column":15}},"1":{"start":{"line":9,"column":2},"end":{"line":9,"column":21}},"2":{"start":{"line":9,"column":10},"end":{"line":9,"column":21}},"3":{"start":{"line":10,"column":12},"end":{"line":10,"column":23}},"4":{"start":{"line":11,"column":2},"end":{"line":11,"column":44}},"5":{"start":{"line":11,"column":33},"end":{"line":11,"column":44}},"6":{"start":{"line":12,"column":2},"end":{"line":15,"column":15}}},"fnMap":{"0":{"name":"fmt","decl":{"start":{"line":1,"column":16},"end":{"line":1,"column":19}},"loc":{"start":{"line":1,"column":31},"end":{"line":6,"column":1}},"line":1},"1":{"name":"fmtDate","decl":{"start":{"line":8,"column":16},"end":{"line":8,"column":23}},"loc":{"start":{"line":8,"column":47},"end":{"line":16,"column":1}},"line":8}},"branchMap":{"0":{"loc":{"start":{"line":9,"column":2},"end":{"line":9,"column":21}},"type":"if","locations":[{"start":{"line":9,"column":2},"end":{"line":9,"column":21}},{"start":{},"end":{}}],"line":9},"1":{"loc":{"start":{"line":11,"column":2},"end":{"line":11,"column":44}},"type":"if","locations":[{"start":{"line":11,"column":2},"end":{"line":11,"column":44}},{"start":{},"end":{}}],"line":11}},"s":{"0":525,"1":55,"2":0,"3":55,"4":55,"5":0,"6":55},"f":{"0":525,"1":55},"b":{"0":[0,55],"1":[0,55]},"_coverageSchema":"1a1c01bbd47fc00a2c39e90264f33305004495a9","hash":"9cb0057975fe676bdb0082d9b64dedac59b90bbc"}
,"/Users/ilxiii/frontend-client-application/src/lib/http.ts": {"path":"/Users/ilxiii/frontend-client-application/src/lib/http.ts","statementMap":{"0":{"start":{"line":5,"column":2},"end":{"line":5,"column":73}},"1":{"start":{"line":8,"column":2},"end":{"line":10,"column":3}},"2":{"start":{"line":9,"column":4},"end":{"line":9,"column":31}},"3":{"start":{"line":12,"column":2},"end":{"line":15,"column":5}},"4":{"start":{"line":13,"column":14},"end":{"line":13,"column":38}},"5":{"start":{"line":14,"column":4},"end":{"line":14,"column":58}},"6":{"start":{"line":19,"column":2},"end":{"line":23,"column":3}},"7":{"start":{"line":20,"column":16},"end":{"line":20,"column":37}},"8":{"start":{"line":21,"column":4},"end":{"line":21,"column":32}},"9":{"start":{"line":22,"column":4},"end":{"line":22,"column":76}},"10":{"start":{"line":22,"column":34},"end":{"line":22,"column":65}},"11":{"start":{"line":24,"column":2},"end":{"line":26,"column":13}},"12":{"start":{"line":25,"column":4},"end":{"line":25,"column":65}},"13":{"start":{"line":30,"column":17},"end":{"line":30,"column":33}},"14":{"start":{"line":31,"column":2},"end":{"line":31,"column":38}},"15":{"start":{"line":35,"column":23},"end":{"line":35,"column":37}},"16":{"start":{"line":37,"column":17},"end":{"line":37,"column":34}},"17":{"start":{"line":40,"column":2},"end":{"line":49,"column":3}},"18":{"start":{"line":41,"column":4},"end":{"line":48,"column":5}},"19":{"start":{"line":43,"column":8},"end":{"line":43,"column":37}},"20":{"start":{"line":45,"column":8},"end":{"line":45,"column":36}},"21":{"start":{"line":47,"column":8},"end":{"line":47,"column":38}},"22":{"start":{"line":50,"column":15},"end":{"line":50,"column":34}},"23":{"start":{"line":51,"column":2},"end":{"line":51,"column":25}},"24":{"start":{"line":51,"column":13},"end":{"line":51,"column":25}},"25":{"start":{"line":52,"column":20},"end":{"line":52,"column":43}},"26":{"start":{"line":53,"column":20},"end":{"line":53,"column":60}},"27":{"start":{"line":54,"column":2},"end":{"line":54,"column":36}},"28":{"start":{"line":58,"column":16},"end":{"line":58,"column":32}},"29":{"start":{"line":59,"column":47},"end":{"line":62,"column":3}},"30":{"start":{"line":63,"column":2},"end":{"line":65,"column":3}},"31":{"start":{"line":64,"column":4},"end":{"line":64,"column":54}},"32":{"start":{"line":68,"column":2},"end":{"line":80,"column":3}},"33":{"start":{"line":69,"column":4},"end":{"line":72,"column":7}},"34":{"start":{"line":77,"column":4},"end":{"line":77,"column":60}},"35":{"start":{"line":78,"column":25},"end":{"line":78,"column":46}},"36":{"start":{"line":79,"column":4},"end":{"line":79,"column":57}},"37":{"start":{"line":82,"column":22},"end":{"line":82,"column":59}},"38":{"start":{"line":83,"column":15},"end":{"line":83,"column":31}},"39":{"start":{"line":84,"column":20},"end":{"line":84,"column":24}},"40":{"start":{"line":85,"column":2},"end":{"line":93,"column":3}},"41":{"start":{"line":86,"column":4},"end":{"line":92,"column":5}},"42":{"start":{"line":87,"column":6},"end":{"line":89,"column":15}},"43":{"start":{"line":91,"column":6},"end":{"line":91,"column":20}},"44":{"start":{"line":95,"column":2},"end":{"line":104,"column":3}},"45":{"start":{"line":97,"column":4},"end":{"line":99,"column":5}},"46":{"start":{"line":98,"column":6},"end":{"line":98,"column":62}},"47":{"start":{"line":102,"column":25},"end":{"line":102,"column":46}},"48":{"start":{"line":103,"column":4},"end":{"line":103,"column":43}},"49":{"start":{"line":105,"column":2},"end":{"line":105,"column":16}}},"fnMap":{"0":{"name":"generateUUID","decl":{"start":{"line":7,"column":9},"end":{"line":7,"column":21}},"loc":{"start":{"line":7,"column":32},"end":{"line":16,"column":1}},"line":7},"1":{"name":"(anonymous_1)","decl":{"start":{"line":12,"column":65},"end":{"line":12,"column":66}},"loc":{"start":{"line":12,"column":72},"end":{"line":15,"column":3}},"line":12},"2":{"name":"generateHexId","decl":{"start":{"line":18,"column":9},"end":{"line":18,"column":22}},"loc":{"start":{"line":18,"column":46},"end":{"line":27,"column":1}},"line":18},"3":{"name":"(anonymous_3)","decl":{"start":{"line":22,"column":27},"end":{"line":22,"column":28}},"loc":{"start":{"line":22,"column":34},"end":{"line":22,"column":65}},"line":22},"4":{"name":"(anonymous_4)","decl":{"start":{"line":24,"column":39},"end":{"line":24,"column":40}},"loc":{"start":{"line":25,"column":4},"end":{"line":25,"column":65}},"line":25},"5":{"name":"buildTraceparent","decl":{"start":{"line":29,"column":9},"end":{"line":29,"column":25}},"loc":{"start":{"line":29,"column":51},"end":{"line":32,"column":1}},"line":29},"6":{"name":"buildUrl","decl":{"start":{"line":39,"column":16},"end":{"line":39,"column":24}},"loc":{"start":{"line":39,"column":79},"end":{"line":55,"column":1}},"line":39},"7":{"name":"doFetch","decl":{"start":{"line":57,"column":22},"end":{"line":57,"column":29}},"loc":{"start":{"line":57,"column":63},"end":{"line":106,"column":1}},"line":57}},"branchMap":{"0":{"loc":{"start":{"line":5,"column":2},"end":{"line":5,"column":73}},"type":"binary-expr","locations":[{"start":{"line":5,"column":2},"end":{"line":5,"column":31}},{"start":{"line":5,"column":35},"end":{"line":5,"column":73}}],"line":5},"1":{"loc":{"start":{"line":8,"column":2},"end":{"line":10,"column":3}},"type":"if","locations":[{"start":{"line":8,"column":2},"end":{"line":10,"column":3}},{"start":{},"end":{}}],"line":8},"2":{"loc":{"start":{"line":8,"column":6},"end":{"line":8,"column":78}},"type":"binary-expr","locations":[{"start":{"line":8,"column":6},"end":{"line":8,"column":35}},{"start":{"line":8,"column":39},"end":{"line":8,"column":78}}],"line":8},"3":{"loc":{"start":{"line":14,"column":12},"end":{"line":14,"column":43}},"type":"cond-expr","locations":[{"start":{"line":14,"column":24},"end":{"line":14,"column":25}},{"start":{"line":14,"column":28},"end":{"line":14,"column":43}}],"line":14},"4":{"loc":{"start":{"line":19,"column":2},"end":{"line":23,"column":3}},"type":"if","locations":[{"start":{"line":19,"column":2},"end":{"line":23,"column":3}},{"start":{},"end":{}}],"line":19},"5":{"loc":{"start":{"line":19,"column":6},"end":{"line":19,"column":83}},"type":"binary-expr","locations":[{"start":{"line":19,"column":6},"end":{"line":19,"column":35}},{"start":{"line":19,"column":39},"end":{"line":19,"column":83}}],"line":19},"6":{"loc":{"start":{"line":39,"column":68},"end":{"line":39,"column":77}},"type":"default-arg","locations":[{"start":{"line":39,"column":75},"end":{"line":39,"column":77}}],"line":39},"7":{"loc":{"start":{"line":40,"column":2},"end":{"line":49,"column":3}},"type":"if","locations":[{"start":{"line":40,"column":2},"end":{"line":49,"column":3}},{"start":{},"end":{}}],"line":40},"8":{"loc":{"start":{"line":41,"column":4},"end":{"line":48,"column":5}},"type":"switch","locations":[{"start":{"line":42,"column":6},"end":{"line":43,"column":37}},{"start":{"line":44,"column":6},"end":{"line":45,"column":36}},{"start":{"line":46,"column":6},"end":{"line":47,"column":38}}],"line":41},"9":{"loc":{"start":{"line":51,"column":2},"end":{"line":51,"column":25}},"type":"if","locations":[{"start":{"line":51,"column":2},"end":{"line":51,"column":25}},{"start":{},"end":{}}],"line":51},"10":{"loc":{"start":{"line":53,"column":20},"end":{"line":53,"column":60}},"type":"cond-expr","locations":[{"start":{"line":53,"column":43},"end":{"line":53,"column":47}},{"start":{"line":53,"column":50},"end":{"line":53,"column":60}}],"line":53},"11":{"loc":{"start":{"line":63,"column":2},"end":{"line":65,"column":3}},"type":"if","locations":[{"start":{"line":63,"column":2},"end":{"line":65,"column":3}},{"start":{},"end":{}}],"line":63},"12":{"loc":{"start":{"line":82,"column":22},"end":{"line":82,"column":59}},"type":"binary-expr","locations":[{"start":{"line":82,"column":22},"end":{"line":82,"column":53}},{"start":{"line":82,"column":57},"end":{"line":82,"column":59}}],"line":82},"13":{"loc":{"start":{"line":85,"column":2},"end":{"line":93,"column":3}},"type":"if","locations":[{"start":{"line":85,"column":2},"end":{"line":93,"column":3}},{"start":{},"end":{}}],"line":85},"14":{"loc":{"start":{"line":87,"column":15},"end":{"line":89,"column":14}},"type":"cond-expr","locations":[{"start":{"line":88,"column":10},"end":{"line":88,"column":26}},{"start":{"line":89,"column":10},"end":{"line":89,"column":14}}],"line":87},"15":{"loc":{"start":{"line":95,"column":2},"end":{"line":104,"column":3}},"type":"if","locations":[{"start":{"line":95,"column":2},"end":{"line":104,"column":3}},{"start":{},"end":{}}],"line":95},"16":{"loc":{"start":{"line":97,"column":4},"end":{"line":99,"column":5}},"type":"if","locations":[{"start":{"line":97,"column":4},"end":{"line":99,"column":5}},{"start":{},"end":{}}],"line":97}},"s":{"0":44,"1":44,"2":0,"3":44,"4":1364,"5":1364,"6":196,"7":0,"8":0,"9":0,"10":0,"11":196,"12":1920,"13":152,"14":152,"15":44,"16":44,"17":156,"18":5,"19":2,"20":2,"21":1,"22":151,"23":151,"24":132,"25":19,"26":19,"27":19,"28":152,"29":152,"30":152,"31":91,"32":152,"33":152,"34":2,"35":2,"36":2,"37":150,"38":150,"39":150,"40":150,"41":148,"42":148,"43":0,"44":150,"45":28,"46":1,"47":28,"48":28,"49":122},"f":{"0":44,"1":1364,"2":196,"3":0,"4":1920,"5":152,"6":156,"7":152},"b":{"0":[44,44],"1":[0,44],"2":[44,0],"3":[1320,44],"4":[0,196],"5":[196,0],"6":[7],"7":[5,151],"8":[2,2,1],"9":[132,19],"10":[15,4],"11":[91,61],"12":[150,2],"13":[148,2],"14":[147,1],"15":[28,122],"16":[1,27]},"_coverageSchema":"1a1c01bbd47fc00a2c39e90264f33305004495a9","hash":"d377ba277b5c407f2e98e7f0c415c6594721f6db"}
,"/Users/ilxiii/frontend-client-application/src/services/keycloak.ts": {"path":"/Users/ilxiii/frontend-client-application/src/services/keycloak.ts","statementMap":{"0":{"start":{"line":4,"column":17},"end":{"line":8,"column":2}},"1":{"start":{"line":11,"column":2},"end":{"line":13,"column":3}},"2":{"start":{"line":12,"column":4},"end":{"line":12,"column":16}},"3":{"start":{"line":15,"column":16},"end":{"line":15,"column":63}},"4":{"start":{"line":16,"column":23},"end":{"line":16,"column":77}},"5":{"start":{"line":17,"column":18},"end":{"line":17,"column":67}},"6":{"start":{"line":19,"column":24},"end":{"line":25,"column":4}},"7":{"start":{"line":27,"column":2},"end":{"line":31,"column":3}},"8":{"start":{"line":28,"column":4},"end":{"line":28,"column":56}},"9":{"start":{"line":29,"column":4},"end":{"line":29,"column":70}},"10":{"start":{"line":30,"column":4},"end":{"line":30,"column":60}},"11":{"start":{"line":34,"column":2},"end":{"line":40,"column":4}},"12":{"start":{"line":35,"column":4},"end":{"line":39,"column":7}},"13":{"start":{"line":36,"column":6},"end":{"line":36,"column":58}},"14":{"start":{"line":37,"column":6},"end":{"line":37,"column":72}},"15":{"start":{"line":38,"column":6},"end":{"line":38,"column":62}},"16":{"start":{"line":42,"column":2},"end":{"line":42,"column":23}},"17":{"start":{"line":46,"column":2},"end":{"line":48,"column":3}},"18":{"start":{"line":47,"column":4},"end":{"line":47,"column":14}},"19":{"start":{"line":49,"column":2},"end":{"line":49,"column":33}},"20":{"start":{"line":50,"column":2},"end":{"line":50,"column":25}},"21":{"start":{"line":54,"column":2},"end":{"line":56,"column":3}},"22":{"start":{"line":55,"column":4},"end":{"line":55,"column":23}},"23":{"start":{"line":57,"column":2},"end":{"line":57,"column":56}},"24":{"start":{"line":61,"column":2},"end":{"line":63,"column":3}},"25":{"start":{"line":62,"column":4},"end":{"line":62,"column":23}},"26":{"start":{"line":64,"column":2},"end":{"line":64,"column":41}},"27":{"start":{"line":68,"column":2},"end":{"line":70,"column":3}},"28":{"start":{"line":69,"column":4},"end":{"line":69,"column":16}},"29":{"start":{"line":71,"column":16},"end":{"line":71,"column":90}},"30":{"start":{"line":72,"column":2},"end":{"line":72,"column":40}},"31":{"start":{"line":76,"column":2},"end":{"line":78,"column":3}},"32":{"start":{"line":77,"column":4},"end":{"line":77,"column":11}},"33":{"start":{"line":79,"column":2},"end":{"line":79,"column":40}},"34":{"start":{"line":80,"column":2},"end":{"line":80,"column":47}},"35":{"start":{"line":81,"column":2},"end":{"line":81,"column":42}},"36":{"start":{"line":82,"column":2},"end":{"line":82,"column":59}}},"fnMap":{"0":{"name":"initKeycloak","decl":{"start":{"line":10,"column":22},"end":{"line":10,"column":34}},"loc":{"start":{"line":10,"column":55},"end":{"line":43,"column":1}},"line":10},"1":{"name":"(anonymous_1)","decl":{"start":{"line":34,"column":28},"end":{"line":34,"column":29}},"loc":{"start":{"line":34,"column":34},"end":{"line":40,"column":3}},"line":34},"2":{"name":"(anonymous_2)","decl":{"start":{"line":35,"column":34},"end":{"line":35,"column":35}},"loc":{"start":{"line":35,"column":40},"end":{"line":39,"column":5}},"line":35},"3":{"name":"getToken","decl":{"start":{"line":45,"column":22},"end":{"line":45,"column":30}},"loc":{"start":{"line":45,"column":50},"end":{"line":51,"column":1}},"line":45},"4":{"name":"getUsername","decl":{"start":{"line":53,"column":16},"end":{"line":53,"column":27}},"loc":{"start":{"line":53,"column":38},"end":{"line":58,"column":1}},"line":53},"5":{"name":"getUserId","decl":{"start":{"line":60,"column":16},"end":{"line":60,"column":25}},"loc":{"start":{"line":60,"column":36},"end":{"line":65,"column":1}},"line":60},"6":{"name":"hasRole","decl":{"start":{"line":67,"column":16},"end":{"line":67,"column":23}},"loc":{"start":{"line":67,"column":47},"end":{"line":73,"column":1}},"line":67},"7":{"name":"logout","decl":{"start":{"line":75,"column":16},"end":{"line":75,"column":22}},"loc":{"start":{"line":75,"column":31},"end":{"line":83,"column":1}},"line":75}},"branchMap":{"0":{"loc":{"start":{"line":11,"column":2},"end":{"line":13,"column":3}},"type":"if","locations":[{"start":{"line":11,"column":2},"end":{"line":13,"column":3}},{"start":{},"end":{}}],"line":11},"1":{"loc":{"start":{"line":15,"column":16},"end":{"line":15,"column":63}},"type":"binary-expr","locations":[{"start":{"line":15,"column":16},"end":{"line":15,"column":50}},{"start":{"line":15,"column":54},"end":{"line":15,"column":63}}],"line":15},"2":{"loc":{"start":{"line":16,"column":23},"end":{"line":16,"column":77}},"type":"binary-expr","locations":[{"start":{"line":16,"column":23},"end":{"line":16,"column":64}},{"start":{"line":16,"column":68},"end":{"line":16,"column":77}}],"line":16},"3":{"loc":{"start":{"line":17,"column":18},"end":{"line":17,"column":67}},"type":"binary-expr","locations":[{"start":{"line":17,"column":18},"end":{"line":17,"column":54}},{"start":{"line":17,"column":58},"end":{"line":17,"column":67}}],"line":17},"4":{"loc":{"start":{"line":27,"column":2},"end":{"line":31,"column":3}},"type":"if","locations":[{"start":{"line":27,"column":2},"end":{"line":31,"column":3}},{"start":{},"end":{}}],"line":27},"5":{"loc":{"start":{"line":46,"column":2},"end":{"line":48,"column":3}},"type":"if","locations":[{"start":{"line":46,"column":2},"end":{"line":48,"column":3}},{"start":{},"end":{}}],"line":46},"6":{"loc":{"start":{"line":54,"column":2},"end":{"line":56,"column":3}},"type":"if","locations":[{"start":{"line":54,"column":2},"end":{"line":56,"column":3}},{"start":{},"end":{}}],"line":54},"7":{"loc":{"start":{"line":57,"column":9},"end":{"line":57,"column":55}},"type":"binary-expr","locations":[{"start":{"line":57,"column":9},"end":{"line":57,"column":49}},{"start":{"line":57,"column":53},"end":{"line":57,"column":55}}],"line":57},"8":{"loc":{"start":{"line":61,"column":2},"end":{"line":63,"column":3}},"type":"if","locations":[{"start":{"line":61,"column":2},"end":{"line":63,"column":3}},{"start":{},"end":{}}],"line":61},"9":{"loc":{"start":{"line":64,"column":9},"end":{"line":64,"column":40}},"type":"binary-expr","locations":[{"start":{"line":64,"column":9},"end":{"line":64,"column":34}},{"start":{"line":64,"column":38},"end":{"line":64,"column":40}}],"line":64},"10":{"loc":{"start":{"line":68,"column":2},"end":{"line":70,"column":3}},"type":"if","locations":[{"start":{"line":68,"column":2},"end":{"line":70,"column":3}},{"start":{},"end":{}}],"line":68},"11":{"loc":{"start":{"line":72,"column":9},"end":{"line":72,"column":39}},"type":"binary-expr","locations":[{"start":{"line":72,"column":9},"end":{"line":72,"column":30}},{"start":{"line":72,"column":34},"end":{"line":72,"column":39}}],"line":72},"12":{"loc":{"start":{"line":76,"column":2},"end":{"line":78,"column":3}},"type":"if","locations":[{"start":{"line":76,"column":2},"end":{"line":78,"column":3}},{"start":{},"end":{}}],"line":76}},"s":{"0":56,"1":6,"2":1,"3":5,"4":5,"5":5,"6":5,"7":5,"8":4,"9":4,"10":4,"11":5,"12":1,"13":1,"14":1,"15":1,"16":5,"17":93,"18":1,"19":92,"20":92,"21":2,"22":1,"23":1,"24":2,"25":1,"26":1,"27":5,"28":2,"29":3,"30":3,"31":2,"32":1,"33":1,"34":1,"35":1,"36":1},"f":{"0":6,"1":1,"2":1,"3":93,"4":2,"5":2,"6":5,"7":2},"b":{"0":[1,5],"1":[5,4],"2":[5,4],"3":[5,4],"4":[4,1],"5":[1,92],"6":[1,1],"7":[1,0],"8":[1,1],"9":[1,0],"10":[2,3],"11":[3,0],"12":[1,1]},"_coverageSchema":"1a1c01bbd47fc00a2c39e90264f33305004495a9","hash":"01b8ffda1df4fbae2f20188988e3f491fa76344b"}
}
