TN:
SF:src/App.tsx
FN:13,RateLimitBanner
FN:16,(anonymous_1)
FN:17,handleRateLimit
FN:19,(anonymous_3)
FN:22,(anonymous_4)
FN:53,(anonymous_5)
FN:70,App
FN:74,goToOrders
FNF:8
FNH:8
FNDA:41,RateLimitBanner
FNDA:18,(anonymous_1)
FNDA:2,handleRateLimit
FNDA:1,(anonymous_3)
FNDA:18,(anonymous_4)
FNDA:1,(anonymous_5)
FNDA:38,App
FNDA:5,goToOrders
DA:14,41
DA:16,41
DA:18,2
DA:19,2
DA:21,18
DA:22,18
DA:25,41
DA:27,2
DA:53,1
DA:71,38
DA:72,37
DA:75,5
DA:76,5
DA:79,37
LF:14
LH:14
BRDA:25,0,0,39
BRDA:25,0,1,2
BRDA:75,1,0,5
BRDA:75,1,1,1
BRDA:86,2,0,37
BRDA:86,2,1,18
BRDA:87,3,0,37
BRDA:87,3,1,10
BRDA:88,4,0,37
BRDA:88,4,1,7
BRDA:91,5,0,37
BRDA:91,5,1,1
BRDA:92,6,0,37
BRDA:92,6,1,1
BRF:14
BRH:14
end_of_record
TN:
SF:src/components/layout/Sidebar.tsx
FN:25,Sidebar
FN:33,(anonymous_1)
FN:47,(anonymous_2)
FN:55,(anonymous_3)
FN:73,(anonymous_4)
FNF:5
FNH:4
FNDA:58,Sidebar
FNDA:0,(anonymous_1)
FNDA:290,(anonymous_2)
FNDA:15,(anonymous_3)
FNDA:1,(anonymous_4)
DA:17,5
DA:26,58
DA:28,58
DA:33,0
DA:48,290
DA:49,282
DA:50,282
DA:51,282
DA:55,15
DA:73,1
LF:10
LH:9
BRDA:48,0,0,8
BRDA:48,0,1,282
BRDA:48,1,0,290
BRDA:48,1,1,58
BRDA:54,2,0,58
BRDA:54,2,1,224
BRDA:59,3,0,282
BRDA:59,3,1,58
BRDA:59,3,2,20
BRF:9
BRH:9
end_of_record
TN:
SF:src/components/pages/AdminProductsPage.tsx
FN:9,AdminProductsPage
FN:21,(anonymous_1)
FN:37,(anonymous_2)
FN:50,handleAdd
FN:62,(anonymous_4)
FN:80,handleDelete
FN:85,(anonymous_6)
FN:85,(anonymous_7)
FN:116,(anonymous_8)
FN:128,(anonymous_9)
FN:140,(anonymous_10)
FN:142,(anonymous_11)
FN:142,(anonymous_12)
FN:155,(anonymous_13)
FN:167,(anonymous_14)
FN:191,(anonymous_15)
FN:221,(anonymous_16)
FN:238,(anonymous_17)
FNF:18
FNH:16
FNDA:85,AdminProductsPage
FNDA:12,(anonymous_1)
FNDA:13,(anonymous_2)
FNDA:3,handleAdd
FNDA:1,(anonymous_4)
FNDA:3,handleDelete
FNDA:1,(anonymous_6)
FNDA:2,(anonymous_7)
FNDA:35,(anonymous_8)
FNDA:5,(anonymous_9)
FNDA:0,(anonymous_10)
FNDA:664,(anonymous_11)
FNDA:581,(anonymous_12)
FNDA:0,(anonymous_13)
FNDA:1,(anonymous_14)
FNDA:36,(anonymous_15)
FNDA:112,(anonymous_16)
FNDA:3,(anonymous_17)
DA:10,85
DA:11,84
DA:12,84
DA:14,84
DA:15,84
DA:16,84
DA:17,84
DA:19,84
DA:21,84
DA:22,12
DA:23,12
DA:24,12
DA:25,12
DA:26,11
DA:28,1
DA:29,1
DA:30,1
DA:33,12
DA:37,84
DA:38,13
DA:41,84
DA:42,1
DA:51,3
DA:52,3
DA:53,3
DA:60,3
DA:61,3
DA:62,1
DA:63,1
DA:64,1
DA:65,1
DA:66,1
DA:68,2
DA:70,1
DA:71,1
DA:75,0
DA:82,3
DA:83,2
DA:84,2
DA:85,2
DA:87,1
DA:88,1
DA:89,1
DA:94,83
DA:116,35
DA:128,5
DA:140,0
DA:142,664
DA:143,581
DA:155,0
DA:168,1
DA:169,1
DA:170,1
DA:171,1
DA:192,36
DA:222,112
DA:238,3
LF:57
LH:54
BRDA:28,0,0,1
BRDA:28,0,1,0
BRDA:38,1,0,12
BRDA:38,1,1,1
BRDA:41,2,0,1
BRDA:41,2,1,83
BRDA:55,3,0,3
BRDA:55,3,1,0
BRDA:57,4,0,3
BRDA:57,4,1,3
BRDA:68,5,0,1
BRDA:68,5,1,1
BRDA:70,6,0,1
BRDA:70,6,1,0
BRDA:70,7,0,1
BRDA:70,7,1,1
BRDA:72,8,0,1
BRDA:72,8,1,0
BRDA:82,9,0,1
BRDA:82,9,1,2
BRDA:87,10,0,1
BRDA:87,10,1,0
BRDA:181,11,0,83
BRDA:181,11,1,3
BRDA:188,12,0,12
BRDA:188,12,1,71
BRDA:196,13,0,15
BRDA:196,13,1,56
BRDA:233,14,0,112
BRDA:233,14,1,1
BRF:30
BRH:25
end_of_record
TN:
SF:src/components/pages/CartPage.tsx
FN:14,CartPage
FN:19,handleOrder
FN:25,(anonymous_2)
FN:89,(anonymous_3)
FN:106,(anonymous_4)
FN:119,(anonymous_5)
FN:136,(anonymous_6)
FN:153,(anonymous_7)
FNF:8
FNH:7
FNDA:36,CartPage
FNDA:8,handleOrder
FNDA:9,(anonymous_2)
FNDA:30,(anonymous_3)
FNDA:1,(anonymous_4)
FNDA:1,(anonymous_5)
FNDA:0,(anonymous_6)
FNDA:30,(anonymous_7)
DA:15,36
DA:16,36
DA:17,36
DA:20,8
DA:21,8
DA:22,8
DA:23,8
DA:25,9
DA:31,6
DA:32,6
DA:34,2
DA:35,2
DA:40,8
DA:44,36
DA:45,11
DA:60,25
DA:90,30
DA:107,1
DA:120,1
DA:136,0
DA:154,30
LF:21
LH:20
BRDA:34,0,0,2
BRDA:34,0,1,0
BRDA:44,1,0,11
BRDA:44,1,1,25
BRDA:65,2,0,6
BRDA:65,2,1,19
BRDA:175,3,0,25
BRDA:175,3,1,2
BRDA:187,4,0,8
BRDA:187,4,1,17
BRF:10
BRH:9
end_of_record
TN:
SF:src/components/pages/CatalogPage.tsx
FN:23,ProductCard
FN:31,(anonymous_1)
FN:120,SkeletonCard
FN:137,CatalogPage
FN:149,pushErrorToast
FN:151,(anonymous_5)
FN:152,(anonymous_6)
FN:153,(anonymous_7)
FN:153,(anonymous_8)
FN:158,(anonymous_9)
FN:175,(anonymous_10)
FN:182,(anonymous_11)
FN:209,(anonymous_12)
FN:213,handleSearch
FN:218,handleAdd
FN:221,(anonymous_15)
FN:224,handleCatChange
FN:229,handleReset
FN:248,(anonymous_18)
FN:281,(anonymous_19)
FN:291,(anonymous_20)
FN:293,(anonymous_21)
FN:306,(anonymous_22)
FN:317,(anonymous_23)
FN:344,(anonymous_24)
FN:356,(anonymous_25)
FN:357,(anonymous_26)
FNF:27
FNH:23
FNDA:143,ProductCard
FNDA:32,(anonymous_1)
FNDA:320,SkeletonCard
FNDA:110,CatalogPage
FNDA:7,pushErrorToast
FNDA:7,(anonymous_5)
FNDA:0,(anonymous_6)
FNDA:0,(anonymous_7)
FNDA:0,(anonymous_8)
FNDA:40,(anonymous_9)
FNDA:2,(anonymous_10)
FNDA:1,(anonymous_11)
FNDA:36,(anonymous_12)
FNDA:2,handleSearch
FNDA:13,handleAdd
FNDA:0,(anonymous_15)
FNDA:1,handleCatChange
FNDA:1,handleReset
FNDA:7,(anonymous_18)
FNDA:12,(anonymous_19)
FNDA:1,(anonymous_20)
FNDA:864,(anonymous_21)
FNDA:3,(anonymous_22)
FNDA:4,(anonymous_23)
FNDA:320,(anonymous_24)
FNDA:143,(anonymous_25)
FNDA:13,(anonymous_26)
DA:13,5
DA:30,143
DA:31,143
DA:33,143
DA:121,320
DA:138,110
DA:139,108
DA:140,108
DA:141,108
DA:142,108
DA:143,108
DA:144,108
DA:145,108
DA:146,108
DA:147,108
DA:150,7
DA:151,7
DA:152,7
DA:153,0
DA:157,108
DA:159,40
DA:160,40
DA:161,40
DA:162,40
DA:168,34
DA:170,6
DA:172,6
DA:173,6
DA:174,6
DA:175,1
DA:176,2
DA:180,5
DA:181,4
DA:182,1
DA:183,1
DA:187,3
DA:188,2
DA:190,1
DA:192,1
DA:193,1
DA:195,6
DA:197,0
DA:200,0
DA:203,40
DA:209,108
DA:210,36
DA:214,2
DA:215,2
DA:219,13
DA:220,13
DA:221,13
DA:225,1
DA:226,1
DA:230,1
DA:231,1
DA:232,1
DA:233,1
DA:234,1
DA:237,108
DA:249,7
DA:281,12
DA:291,1
DA:294,864
DA:306,3
DA:317,4
DA:345,320
DA:357,143
LF:67
LH:64
BRDA:49,0,0,143
BRDA:49,0,1,0
BRDA:70,1,0,143
BRDA:70,1,1,1
BRDA:76,2,0,143
BRDA:76,2,1,64
BRDA:80,3,0,32
BRDA:80,3,1,32
BRDA:84,4,0,32
BRDA:84,4,1,32
BRDA:102,5,0,15
BRDA:102,5,1,128
BRDA:104,6,0,15
BRDA:104,6,1,128
BRDA:149,7,0,7
BRDA:163,8,0,40
BRDA:163,8,1,39
BRDA:164,9,0,1
BRDA:164,9,1,39
BRDA:164,10,0,40
BRDA:164,10,1,4
BRDA:165,11,0,1
BRDA:165,11,1,39
BRDA:166,12,0,1
BRDA:166,12,1,39
BRDA:170,13,0,0
BRDA:170,13,1,6
BRDA:172,14,0,6
BRDA:172,14,1,0
BRDA:172,15,0,6
BRDA:172,15,1,6
BRDA:174,16,0,1
BRDA:174,16,1,5
BRDA:177,17,0,2
BRDA:177,17,1,0
BRDA:177,17,2,0
BRDA:177,18,0,2
BRDA:177,18,1,0
BRDA:177,18,2,0
BRDA:180,19,0,4
BRDA:180,19,1,1
BRDA:180,20,0,5
BRDA:180,20,1,5
BRDA:181,21,0,1
BRDA:181,21,1,3
BRDA:181,22,0,4
BRDA:181,22,1,1
BRDA:184,23,0,1
BRDA:184,23,1,0
BRDA:184,23,2,0
BRDA:184,24,0,1
BRDA:184,24,1,0
BRDA:184,24,2,0
BRDA:187,25,0,2
BRDA:187,25,1,1
BRDA:187,26,0,3
BRDA:187,26,1,2
BRDA:188,27,0,2
BRDA:188,27,1,1
BRDA:192,28,0,1
BRDA:192,28,1,0
BRDA:240,29,0,108
BRDA:240,29,1,95
BRDA:240,29,2,19
BRDA:242,30,0,19
BRDA:242,30,1,13
BRDA:261,31,0,99
BRDA:261,31,1,9
BRDA:262,32,0,99
BRDA:262,32,1,9
BRDA:334,33,0,108
BRDA:334,33,1,6
BRDA:342,34,0,40
BRDA:342,34,1,68
BRDA:348,35,0,12
BRDA:348,35,1,56
BRF:76
BRH:64
end_of_record
TN:
SF:src/components/pages/OrdersPage.tsx
FN:23,(anonymous_0)
FN:40,OrderRow
FN:47,handlePay
FN:107,(anonymous_3)
FN:107,(anonymous_4)
FN:155,(anonymous_5)
FN:258,OrdersPage
FN:265,(anonymous_7)
FN:267,(anonymous_8)
FN:270,(anonymous_9)
FN:273,(anonymous_10)
FN:280,(anonymous_11)
FN:283,(anonymous_12)
FN:284,(anonymous_13)
FN:285,(anonymous_14)
FN:302,(anonymous_15)
FN:320,(anonymous_16)
FN:336,(anonymous_17)
FNF:18
FNH:18
FNDA:40,(anonymous_0)
FNDA:40,OrderRow
FNDA:8,handlePay
FNDA:2,(anonymous_3)
FNDA:2,(anonymous_4)
FNDA:30,(anonymous_5)
FNDA:37,OrdersPage
FNDA:19,(anonymous_7)
FNDA:17,(anonymous_8)
FNDA:37,(anonymous_9)
FNDA:2,(anonymous_10)
FNDA:19,(anonymous_11)
FNDA:22,(anonymous_12)
FNDA:22,(anonymous_13)
FNDA:22,(anonymous_14)
FNDA:42,(anonymous_15)
FNDA:57,(anonymous_16)
FNDA:22,(anonymous_17)
DA:23,5
DA:24,40
DA:29,40
DA:30,40
DA:41,40
DA:42,40
DA:43,40
DA:44,40
DA:45,40
DA:48,8
DA:49,8
DA:50,8
DA:51,8
DA:56,3
DA:57,3
DA:58,3
DA:59,3
DA:60,3
DA:65,0
DA:66,0
DA:69,5
DA:71,5
DA:72,3
DA:73,3
DA:74,3
DA:75,1
DA:76,2
DA:77,1
DA:79,3
DA:82,2
DA:85,2
DA:88,8
DA:92,40
DA:107,2
DA:157,30
DA:162,30
DA:163,30
DA:259,37
DA:260,37
DA:261,37
DA:262,37
DA:263,37
DA:265,37
DA:266,19
DA:268,17
DA:269,17
DA:270,37
DA:271,17
DA:274,2
DA:275,2
DA:280,19
DA:283,37
DA:284,37
DA:285,37
DA:287,37
DA:303,42
DA:321,57
DA:337,22
LF:58
LH:56
BRDA:57,0,0,3
BRDA:57,0,1,0
BRDA:69,1,0,0
BRDA:69,1,1,5
BRDA:71,2,0,3
BRDA:71,2,1,2
BRDA:71,3,0,5
BRDA:71,3,1,5
BRDA:72,4,0,3
BRDA:72,4,1,0
BRDA:74,5,0,1
BRDA:74,5,1,2
BRDA:76,6,0,1
BRDA:76,6,1,1
BRDA:82,7,0,0
BRDA:82,7,1,2
BRDA:82,8,0,2
BRDA:82,8,1,2
BRDA:96,9,0,24
BRDA:96,9,1,16
BRDA:110,10,0,40
BRDA:110,10,1,24
BRDA:126,11,0,40
BRDA:126,11,1,28
BRDA:157,12,0,30
BRDA:157,12,1,26
BRDA:157,12,2,26
BRDA:157,12,3,6
BRDA:162,13,0,30
BRDA:162,13,1,10
BRDA:162,13,2,0
BRDA:168,14,0,24
BRDA:168,14,1,6
BRDA:171,15,0,24
BRDA:171,15,1,6
BRDA:196,16,0,3
BRDA:196,16,1,25
BRDA:199,17,0,3
BRDA:199,17,1,0
BRDA:202,18,0,3
BRDA:202,18,1,0
BRDA:209,19,0,3
BRDA:209,19,1,0
BRDA:222,20,0,5
BRDA:222,20,1,20
BRDA:229,21,0,28
BRDA:229,21,1,24
BRDA:229,21,2,24
BRDA:235,22,0,8
BRDA:235,22,1,16
BRDA:274,23,0,2
BRDA:274,23,1,0
BRDA:292,24,0,27
BRDA:292,24,1,10
BRDA:296,25,0,37
BRDA:296,25,1,14
BRDA:311,26,0,37
BRDA:311,26,1,2
BRDA:318,27,0,19
BRDA:318,27,1,18
BRDA:328,28,0,4
BRDA:328,28,1,14
BRF:62
BRH:53
end_of_record
TN:
SF:src/components/pages/PaymentPage.tsx
FN:12,PaymentPage
FN:17,(anonymous_1)
FN:21,(anonymous_2)
FN:33,(anonymous_3)
FN:36,(anonymous_4)
FN:37,(anonymous_5)
FN:38,(anonymous_6)
FN:91,(anonymous_7)
FN:116,(anonymous_8)
FN:146,(anonymous_9)
FNF:10
FNH:10
FNDA:17,PaymentPage
FNDA:9,(anonymous_1)
FNDA:1,(anonymous_2)
FNDA:9,(anonymous_3)
FNDA:12,(anonymous_4)
FNDA:12,(anonymous_5)
FNDA:8,(anonymous_6)
FNDA:16,(anonymous_7)
FNDA:36,(anonymous_8)
FNDA:12,(anonymous_9)
DA:13,17
DA:14,16
DA:15,16
DA:17,16
DA:18,9
DA:22,1
DA:24,1
DA:28,1
DA:33,9
DA:36,16
DA:37,16
DA:38,16
DA:40,16
DA:44,16
DA:92,16
DA:117,36
DA:147,12
LF:17
LH:17
BRDA:22,0,0,1
BRDA:22,0,1,0
BRDA:24,1,0,0
BRDA:24,1,1,1
BRDA:24,2,0,1
BRDA:24,2,1,1
BRDA:40,3,0,4
BRDA:40,3,1,12
BRDA:49,4,0,16
BRDA:49,4,1,0
BRDA:64,5,0,16
BRDA:64,5,1,4
BRDA:96,6,0,4
BRDA:96,6,1,12
BRDA:106,7,0,16
BRDA:106,7,1,1
BRDA:113,8,0,9
BRDA:113,8,1,7
BRDA:121,9,0,3
BRDA:121,9,1,4
BRDA:160,10,0,8
BRDA:160,10,1,4
BRF:22
BRH:19
end_of_record
TN:
SF:src/lib/api.ts
FN:20,(anonymous_0)
FN:28,isRateLimitError
FN:35,(anonymous_2)
FN:67,(anonymous_3)
FN:83,(anonymous_4)
FN:99,(anonymous_5)
FN:115,(anonymous_6)
FN:127,(anonymous_7)
FN:139,(anonymous_8)
FN:160,(anonymous_9)
FN:193,(anonymous_10)
FN:198,(anonymous_11)
FN:213,(anonymous_12)
FNF:13
FNH:13
FNDA:37,(anonymous_0)
FNDA:25,isRateLimitError
FNDA:74,(anonymous_2)
FNDA:4,(anonymous_3)
FNDA:3,(anonymous_4)
FNDA:10,(anonymous_5)
FNDA:21,(anonymous_6)
FNDA:2,(anonymous_7)
FNDA:5,(anonymous_8)
FNDA:11,(anonymous_9)
FNDA:13,(anonymous_10)
FNDA:20,(anonymous_11)
FNDA:3,(anonymous_12)
DA:21,37
DA:22,37
DA:23,37
DA:24,37
DA:29,25
DA:34,36
DA:43,74
DA:44,74
DA:45,74
DA:46,74
DA:47,2
DA:48,74
DA:49,2
DA:52,74
DA:56,74
DA:57,74
DA:58,66
DA:59,2
DA:60,64
DA:63,10
DA:64,10
DA:68,4
DA:69,4
DA:70,4
DA:75,2
DA:78,2
DA:79,2
DA:84,3
DA:85,3
DA:86,3
DA:87,2
DA:90,1
DA:91,1
DA:98,36
DA:100,10
DA:101,10
DA:102,10
DA:107,7
DA:110,3
DA:111,3
DA:116,21
DA:117,21
DA:118,21
DA:119,19
DA:122,2
DA:123,2
DA:128,2
DA:129,2
DA:130,2
DA:131,1
DA:134,1
DA:135,1
DA:141,5
DA:142,5
DA:143,5
DA:148,4
DA:151,1
DA:152,1
DA:159,36
DA:161,11
DA:163,11
DA:169,11
DA:170,11
DA:177,5
DA:185,5
DA:188,6
DA:189,6
DA:194,13
DA:195,13
DA:196,13
DA:197,11
DA:198,20
DA:208,2
DA:209,2
DA:214,3
DA:215,3
DA:216,3
DA:217,2
DA:227,1
DA:228,1
LF:80
LH:80
BRDA:21,0,0,37
BRDA:21,0,1,32
BRDA:21,0,2,29
BRDA:21,0,3,18
BRDA:29,1,0,25
BRDA:29,1,1,22
BRDA:44,2,0,2
BRDA:44,2,1,72
BRDA:45,3,0,2
BRDA:45,3,1,72
BRDA:46,4,0,2
BRDA:46,4,1,72
BRDA:48,5,0,2
BRDA:48,5,1,72
BRDA:54,6,0,4
BRDA:54,6,1,70
BRDA:58,7,0,2
BRDA:58,7,1,64
BRDA:164,8,0,11
BRDA:164,8,1,0
BRDA:165,9,0,11
BRDA:165,9,1,8
BRDA:179,10,0,5
BRDA:179,10,1,1
BRDA:180,11,0,5
BRDA:180,11,1,1
BRDA:183,12,0,5
BRDA:183,12,1,1
BRDA:197,13,0,10
BRDA:197,13,1,1
BRDA:200,14,0,20
BRDA:200,14,1,1
BRDA:201,15,0,20
BRDA:201,15,1,1
BRDA:204,16,0,20
BRDA:204,16,1,1
BRDA:219,17,0,2
BRDA:219,17,1,1
BRDA:220,18,0,2
BRDA:220,18,1,1
BRDA:223,19,0,2
BRDA:223,19,1,1
BRF:42
BRH:41
end_of_record
TN:
SF:src/lib/cart.tsx
FN:19,reducer
FN:23,(anonymous_1)
FN:28,(anonymous_2)
FN:42,(anonymous_3)
FN:48,(anonymous_4)
FN:52,(anonymous_5)
FN:70,CartProvider
FN:76,(anonymous_7)
FN:79,(anonymous_8)
FN:87,useCart
FNF:10
FNH:10
FNDA:44,reducer
FNDA:9,(anonymous_1)
FNDA:2,(anonymous_2)
FNDA:2,(anonymous_3)
FNDA:2,(anonymous_4)
FNDA:2,(anonymous_5)
FNDA:128,CartProvider
FNDA:50,(anonymous_7)
FNDA:50,(anonymous_8)
FNDA:426,useCart
DA:20,44
DA:22,32
DA:23,9
DA:25,32
DA:26,2
DA:29,2
DA:34,30
DA:40,1
DA:42,2
DA:45,4
DA:46,2
DA:48,2
DA:50,2
DA:53,2
DA:57,7
DA:59,0
DA:63,9
DA:71,128
DA:75,128
DA:76,50
DA:79,128
DA:80,128
DA:88,426
DA:89,424
DA:90,420
LF:25
LH:24
BRDA:20,0,0,32
BRDA:20,0,1,1
BRDA:20,0,2,4
BRDA:20,0,3,7
BRDA:20,0,4,0
BRDA:25,1,0,2
BRDA:25,1,1,30
BRDA:29,2,0,2
BRDA:29,2,1,0
BRDA:45,3,0,2
BRDA:45,3,1,2
BRDA:53,4,0,2
BRDA:53,4,1,0
BRDA:89,5,0,4
BRDA:89,5,1,420
BRF:15
BRH:12
end_of_record
TN:
SF:src/lib/config.ts
FN:10,(anonymous_0)
FN:27,isAuthEnabled
FNF:2
FNH:2
FNDA:514,(anonymous_0)
FNDA:112,isAuthEnabled
DA:8,67
DA:10,67
DA:11,514
DA:15,67
DA:21,67
DA:28,112
LF:6
LH:6
BRDA:8,0,0,67
BRDA:8,0,1,67
BRDA:8,0,2,66
BRDA:11,1,0,514
BRDA:11,1,1,514
BRDA:11,1,2,513
BRDA:11,1,3,491
BRF:7
BRH:7
end_of_record
TN:
SF:src/lib/formatters.ts
FN:1,fmt
FN:8,fmtDate
FNF:2
FNH:2
FNDA:525,fmt
FNDA:55,fmtDate
DA:2,525
DA:9,55
DA:10,55
DA:11,55
DA:12,55
LF:5
LH:5
BRDA:9,0,0,0
BRDA:9,0,1,55
BRDA:11,1,0,0
BRDA:11,1,1,55
BRF:4
BRH:2
end_of_record
TN:
SF:src/lib/http.ts
FN:7,generateUUID
FN:12,(anonymous_1)
FN:18,generateHexId
FN:22,(anonymous_3)
FN:24,(anonymous_4)
FN:29,buildTraceparent
FN:39,buildUrl
FN:57,doFetch
FNF:8
FNH:7
FNDA:44,generateUUID
FNDA:1364,(anonymous_1)
FNDA:196,generateHexId
FNDA:0,(anonymous_3)
FNDA:1920,(anonymous_4)
FNDA:152,buildTraceparent
FNDA:156,buildUrl
FNDA:152,doFetch
DA:5,44
DA:8,44
DA:9,0
DA:12,44
DA:13,1364
DA:14,1364
DA:19,196
DA:20,0
DA:21,0
DA:22,0
DA:24,196
DA:25,1920
DA:30,152
DA:31,152
DA:35,44
DA:37,44
DA:40,156
DA:41,5
DA:43,2
DA:45,2
DA:47,1
DA:50,151
DA:51,151
DA:52,19
DA:53,19
DA:54,19
DA:58,152
DA:59,152
DA:63,152
DA:64,91
DA:68,152
DA:69,152
DA:77,2
DA:78,2
DA:79,2
DA:82,150
DA:83,150
DA:84,150
DA:85,150
DA:86,148
DA:87,148
DA:91,0
DA:95,150
DA:97,28
DA:98,1
DA:102,28
DA:103,28
DA:105,122
LF:48
LH:43
BRDA:5,0,0,44
BRDA:5,0,1,44
BRDA:8,1,0,0
BRDA:8,1,1,44
BRDA:8,2,0,44
BRDA:8,2,1,0
BRDA:14,3,0,1320
BRDA:14,3,1,44
BRDA:19,4,0,0
BRDA:19,4,1,196
BRDA:19,5,0,196
BRDA:19,5,1,0
BRDA:39,6,0,7
BRDA:40,7,0,5
BRDA:40,7,1,151
BRDA:41,8,0,2
BRDA:41,8,1,2
BRDA:41,8,2,1
BRDA:51,9,0,132
BRDA:51,9,1,19
BRDA:53,10,0,15
BRDA:53,10,1,4
BRDA:63,11,0,91
BRDA:63,11,1,61
BRDA:82,12,0,150
BRDA:82,12,1,2
BRDA:85,13,0,148
BRDA:85,13,1,2
BRDA:87,14,0,147
BRDA:87,14,1,1
BRDA:95,15,0,28
BRDA:95,15,1,122
BRDA:97,16,0,1
BRDA:97,16,1,27
BRF:34
BRH:30
end_of_record
TN:
SF:src/services/keycloak.ts
FN:10,initKeycloak
FN:34,(anonymous_1)
FN:35,(anonymous_2)
FN:45,getToken
FN:53,getUsername
FN:60,getUserId
FN:67,hasRole
FN:75,logout
FNF:8
FNH:8
FNDA:6,initKeycloak
FNDA:1,(anonymous_1)
FNDA:1,(anonymous_2)
FNDA:93,getToken
FNDA:2,getUsername
FNDA:2,getUserId
FNDA:5,hasRole
FNDA:2,logout
DA:4,56
DA:11,6
DA:12,1
DA:15,5
DA:16,5
DA:17,5
DA:19,5
DA:27,5
DA:28,4
DA:29,4
DA:30,4
DA:34,5
DA:35,1
DA:36,1
DA:37,1
DA:38,1
DA:42,5
DA:46,93
DA:47,1
DA:49,92
DA:50,92
DA:54,2
DA:55,1
DA:57,1
DA:61,2
DA:62,1
DA:64,1
DA:68,5
DA:69,2
DA:71,3
DA:72,3
DA:76,2
DA:77,1
DA:79,1
DA:80,1
DA:81,1
DA:82,1
LF:37
LH:37
BRDA:11,0,0,1
BRDA:11,0,1,5
BRDA:15,1,0,5
BRDA:15,1,1,4
BRDA:16,2,0,5
BRDA:16,2,1,4
BRDA:17,3,0,5
BRDA:17,3,1,4
BRDA:27,4,0,4
BRDA:27,4,1,1
BRDA:46,5,0,1
BRDA:46,5,1,92
BRDA:54,6,0,1
BRDA:54,6,1,1
BRDA:57,7,0,1
BRDA:57,7,1,0
BRDA:61,8,0,1
BRDA:61,8,1,1
BRDA:64,9,0,1
BRDA:64,9,1,0
BRDA:68,10,0,2
BRDA:68,10,1,3
BRDA:72,11,0,3
BRDA:72,11,1,0
BRDA:76,12,0,1
BRDA:76,12,1,1
BRF:26
BRH:23
end_of_record
