TN:
SF:src/lib/api.ts
FN:20,(anonymous_0)
FN:28,isRateLimitError
FN:35,(anonymous_2)
FN:67,(anonymous_3)
FN:83,(anonymous_4)
FN:99,(anonymous_5)
FN:115,(anonymous_6)
FN:127,(anonymous_7)
FN:139,(anonymous_8)
FN:160,(anonymous_9)
FN:193,(anonymous_10)
FN:198,(anonymous_11)
FN:213,(anonymous_12)
FNF:13
FNH:11
FNDA:6,(anonymous_0)
FNDA:6,isRateLimitError
FNDA:29,(anonymous_2)
FNDA:2,(anonymous_3)
FNDA:2,(anonymous_4)
FNDA:5,(anonymous_5)
FNDA:5,(anonymous_6)
FNDA:0,(anonymous_7)
FNDA:2,(anonymous_8)
FNDA:3,(anonymous_9)
FNDA:2,(anonymous_10)
FNDA:2,(anonymous_11)
FNDA:0,(anonymous_12)
DA:21,6
DA:22,6
DA:23,6
DA:24,6
DA:29,6
DA:34,5
DA:43,29
DA:44,29
DA:45,29
DA:46,29
DA:47,1
DA:48,29
DA:49,1
DA:52,29
DA:56,29
DA:57,29
DA:58,28
DA:59,0
DA:60,28
DA:63,1
DA:64,1
DA:68,2
DA:69,2
DA:70,2
DA:75,1
DA:78,1
DA:79,1
DA:84,2
DA:85,2
DA:86,2
DA:87,1
DA:90,1
DA:91,1
DA:98,5
DA:100,5
DA:101,5
DA:102,5
DA:107,4
DA:110,1
DA:111,1
DA:116,5
DA:117,5
DA:118,5
DA:119,5
DA:122,0
DA:123,0
DA:128,0
DA:129,0
DA:130,0
DA:131,0
DA:134,0
DA:135,0
DA:141,2
DA:142,2
DA:143,2
DA:148,2
DA:151,0
DA:152,0
DA:159,5
DA:161,3
DA:163,3
DA:169,3
DA:170,3
DA:177,2
DA:185,2
DA:188,1
DA:189,1
DA:194,2
DA:195,2
DA:196,2
DA:197,1
DA:198,2
DA:208,1
DA:209,1
DA:214,0
DA:215,0
DA:216,0
DA:217,0
DA:227,0
DA:228,0
LF:80
LH:63
BRDA:21,0,0,6
BRDA:21,0,1,6
BRDA:21,0,2,6
BRDA:21,0,3,0
BRDA:29,1,0,6
BRDA:29,1,1,6
BRDA:44,2,0,1
BRDA:44,2,1,28
BRDA:45,3,0,0
BRDA:45,3,1,29
BRDA:46,4,0,1
BRDA:46,4,1,28
BRDA:48,5,0,1
BRDA:48,5,1,28
BRDA:54,6,0,1
BRDA:54,6,1,28
BRDA:58,7,0,0
BRDA:58,7,1,28
BRDA:164,8,0,3
BRDA:164,8,1,0
BRDA:165,9,0,3
BRDA:165,9,1,3
BRDA:179,10,0,2
BRDA:179,10,1,0
BRDA:180,11,0,2
BRDA:180,11,1,0
BRDA:183,12,0,2
BRDA:183,12,1,0
BRDA:197,13,0,1
BRDA:197,13,1,0
BRDA:200,14,0,2
BRDA:200,14,1,0
BRDA:201,15,0,2
BRDA:201,15,1,0
BRDA:204,16,0,2
BRDA:204,16,1,0
BRDA:219,17,0,0
BRDA:219,17,1,0
BRDA:220,18,0,0
BRDA:220,18,1,0
BRDA:223,19,0,0
BRDA:223,19,1,0
BRF:42
BRH:25
end_of_record
TN:
SF:src/lib/cart.tsx
FN:19,reducer
FN:23,(anonymous_1)
FN:28,(anonymous_2)
FN:42,(anonymous_3)
FN:48,(anonymous_4)
FN:52,(anonymous_5)
FN:70,CartProvider
FN:76,(anonymous_7)
FN:79,(anonymous_8)
FN:87,useCart
FNF:10
FNH:10
FNDA:21,reducer
FNDA:4,(anonymous_1)
FNDA:2,(anonymous_2)
FNDA:1,(anonymous_3)
FNDA:1,(anonymous_4)
FNDA:1,(anonymous_5)
FNDA:57,CartProvider
FNDA:28,(anonymous_7)
FNDA:28,(anonymous_8)
FNDA:264,useCart
DA:20,21
DA:22,14
DA:23,4
DA:25,14
DA:26,2
DA:29,2
DA:34,12
DA:40,1
DA:42,1
DA:45,2
DA:46,1
DA:48,1
DA:50,1
DA:53,1
DA:57,4
DA:59,0
DA:63,5
DA:71,57
DA:75,57
DA:76,28
DA:79,57
DA:80,57
DA:88,264
DA:89,264
DA:90,264
LF:25
LH:24
BRDA:20,0,0,14
BRDA:20,0,1,1
BRDA:20,0,2,2
BRDA:20,0,3,4
BRDA:20,0,4,0
BRDA:25,1,0,2
BRDA:25,1,1,12
BRDA:29,2,0,2
BRDA:29,2,1,0
BRDA:45,3,0,1
BRDA:45,3,1,1
BRDA:53,4,0,1
BRDA:53,4,1,0
BRDA:89,5,0,0
BRDA:89,5,1,264
BRF:15
BRH:11
end_of_record
TN:
SF:src/lib/config.ts
FN:10,(anonymous_0)
FN:27,isAuthEnabled
FNF:2
FNH:1
FNDA:30,(anonymous_0)
FNDA:0,isAuthEnabled
DA:8,5
DA:10,5
DA:11,30
DA:15,5
DA:21,5
DA:28,0
LF:6
LH:5
BRDA:8,0,0,5
BRDA:8,0,1,5
BRDA:8,0,2,5
BRDA:11,1,0,30
BRDA:11,1,1,30
BRDA:11,1,2,30
BRDA:11,1,3,30
BRF:7
BRH:7
end_of_record
